<?xml version="1.0" encoding="UTF-8"?>
<testsuite name="org.zerock.shop.repository.BoardRepositoryTests" tests="9" skipped="0" failures="0" errors="0" timestamp="2023-10-19T15:57:30" hostname="10-5" time="1.071">
  <properties/>
  <testcase name="testSearchAll()" classname="org.zerock.shop.repository.BoardRepositoryTests" time="0.279"/>
  <testcase name="testSearchAll2()" classname="org.zerock.shop.repository.BoardRepositoryTests" time="0.027"/>
  <testcase name="testSearchReplyCount()" classname="org.zerock.shop.repository.BoardRepositoryTests" time="0.192"/>
  <testcase name="testDelete()" classname="org.zerock.shop.repository.BoardRepositoryTests" time="0.009"/>
  <testcase name="testInsert()" classname="org.zerock.shop.repository.BoardRepositoryTests" time="0.466"/>
  <testcase name="testSearch1()" classname="org.zerock.shop.repository.BoardRepositoryTests" time="0.016"/>
  <testcase name="testPaging()" classname="org.zerock.shop.repository.BoardRepositoryTests" time="0.024"/>
  <testcase name="testSelect()" classname="org.zerock.shop.repository.BoardRepositoryTests" time="0.007"/>
  <testcase name="testUpdate()" classname="org.zerock.shop.repository.BoardRepositoryTests" time="0.042"/>
  <system-out><![CDATA[2023-10-20T00:57:30.277+09:00  INFO 1440 --- [    Test worker] t.c.s.AnnotationConfigContextLoaderUtils : Could not detect default configuration classes for test class [org.zerock.shop.repository.BoardRepositoryTests]: BoardRepositoryTests does not declare any static, non-private, non-final, nested classes annotated with @Configuration.
2023-10-20T00:57:30.294+09:00  INFO 1440 --- [    Test worker] .b.t.c.SpringBootTestContextBootstrapper : Found @SpringBootConfiguration org.zerock.shop.ShopApplication for test class org.zerock.shop.repository.BoardRepositoryTests
Hibernate: 
    select
        b1_0.bno,
        b1_0.content,
        b1_0.created_by,
        b1_0.modified_by,
        b1_0.reg_time,
        b1_0.title,
        b1_0.update_time,
        b1_0.writer 
    from
        board b1_0 
    where
        (
            b1_0.title like ? escape '!' 
            or b1_0.content like ? escape '!' 
            or b1_0.writer like ? escape '!'
        ) 
        and b1_0.bno>? 
    order by
        b1_0.bno desc limit ?,
        ?
Hibernate: 
    select
        count(b1_0.bno) 
    from
        board b1_0 
    where
        (
            b1_0.title like ? escape '!' 
            or b1_0.content like ? escape '!' 
            or b1_0.writer like ? escape '!'
        ) 
        and b1_0.bno>?
Hibernate: 
    select
        b1_0.bno,
        b1_0.content,
        b1_0.created_by,
        b1_0.modified_by,
        b1_0.reg_time,
        b1_0.title,
        b1_0.update_time,
        b1_0.writer 
    from
        board b1_0 
    where
        (
            b1_0.title like ? escape '!' 
            or b1_0.content like ? escape '!' 
            or b1_0.writer like ? escape '!'
        ) 
        and b1_0.bno>? 
    order by
        b1_0.bno desc limit ?,
        ?
Hibernate: 
    select
        count(b1_0.bno) 
    from
        board b1_0 
    where
        (
            b1_0.title like ? escape '!' 
            or b1_0.content like ? escape '!' 
            or b1_0.writer like ? escape '!'
        ) 
        and b1_0.bno>?
2023-10-20T00:57:30.595+09:00  INFO 1440 --- [    Test worker] o.z.s.r.BoardRepositoryTests             : total pages : 54
2023-10-20T00:57:30.596+09:00  INFO 1440 --- [    Test worker] o.z.s.r.BoardRepositoryTests             : page size : 10
2023-10-20T00:57:30.596+09:00  INFO 1440 --- [    Test worker] o.z.s.r.BoardRepositoryTests             : page number : 0
2023-10-20T00:57:30.596+09:00  INFO 1440 --- [    Test worker] o.z.s.r.BoardRepositoryTests             : prev : false, next : true
2023-10-20T00:57:30.598+09:00  INFO 1440 --- [    Test worker] o.z.s.r.BoardRepositoryTests             : Board(bno=2752, title=title...100, content=content...100, writer=user0)
2023-10-20T00:57:30.604+09:00  INFO 1440 --- [    Test worker] o.z.s.r.BoardRepositoryTests             : Board(bno=2743, title=title...91, content=content...91, writer=user1)
2023-10-20T00:57:30.604+09:00  INFO 1440 --- [    Test worker] o.z.s.r.BoardRepositoryTests             : Board(bno=2733, title=title...81, content=content...81, writer=user1)
2023-10-20T00:57:30.604+09:00  INFO 1440 --- [    Test worker] o.z.s.r.BoardRepositoryTests             : Board(bno=2723, title=title...71, content=content...71, writer=user1)
2023-10-20T00:57:30.604+09:00  INFO 1440 --- [    Test worker] o.z.s.r.BoardRepositoryTests             : Board(bno=2713, title=title...61, content=content...61, writer=user1)
2023-10-20T00:57:30.604+09:00  INFO 1440 --- [    Test worker] o.z.s.r.BoardRepositoryTests             : Board(bno=2703, title=title...51, content=content...51, writer=user1)
2023-10-20T00:57:30.604+09:00  INFO 1440 --- [    Test worker] o.z.s.r.BoardRepositoryTests             : Board(bno=2693, title=title...41, content=content...41, writer=user1)
2023-10-20T00:57:30.604+09:00  INFO 1440 --- [    Test worker] o.z.s.r.BoardRepositoryTests             : Board(bno=2683, title=title...31, content=content...31, writer=user1)
2023-10-20T00:57:30.604+09:00  INFO 1440 --- [    Test worker] o.z.s.r.BoardRepositoryTests             : Board(bno=2673, title=title...21, content=content...21, writer=user1)
2023-10-20T00:57:30.604+09:00  INFO 1440 --- [    Test worker] o.z.s.r.BoardRepositoryTests             : Board(bno=2671, title=title...19, content=content...19, writer=user9)
Hibernate: 
    select
        b1_0.bno,
        b1_0.title,
        b1_0.writer,
        b1_0.reg_time,
        count(r1_0.rno) 
    from
        board b1_0 
    left join
        reply r1_0 
            on r1_0.board_bno=b1_0.bno 
    where
        (
            b1_0.title like ? escape '!' 
            or b1_0.content like ? escape '!' 
            or b1_0.writer like ? escape '!'
        ) 
        and b1_0.bno>? 
    group by
        b1_0.bno,
        b1_0.content,
        b1_0.created_by,
        b1_0.modified_by,
        b1_0.reg_time,
        b1_0.title,
        b1_0.update_time,
        b1_0.writer 
    order by
        b1_0.bno desc limit ?,
        ?
Hibernate: 
    select
        count(distinct b1_0.bno) 
    from
        board b1_0 
    left join
        reply r1_0 
            on r1_0.board_bno=b1_0.bno 
    where
        (
            b1_0.title like ? escape '!' 
            or b1_0.content like ? escape '!' 
            or b1_0.writer like ? escape '!'
        ) 
        and b1_0.bno>?
2023-10-20T00:57:30.790+09:00  INFO 1440 --- [    Test worker] o.z.s.r.BoardRepositoryTests             : 54
2023-10-20T00:57:30.791+09:00  INFO 1440 --- [    Test worker] o.z.s.r.BoardRepositoryTests             : 10
2023-10-20T00:57:30.791+09:00  INFO 1440 --- [    Test worker] o.z.s.r.BoardRepositoryTests             : 0
2023-10-20T00:57:30.791+09:00  INFO 1440 --- [    Test worker] o.z.s.r.BoardRepositoryTests             : prev : false, next : true
2023-10-20T00:57:30.791+09:00  INFO 1440 --- [    Test worker] o.z.s.r.BoardRepositoryTests             : BoardListReplyCountDto(bno=2752, title=title...100, writer=user0, regTime=2023-10-20T00:51:38.856413, updateTime=null, replyCount=0)
2023-10-20T00:57:30.797+09:00  INFO 1440 --- [    Test worker] o.z.s.r.BoardRepositoryTests             : BoardListReplyCountDto(bno=2743, title=title...91, writer=user1, regTime=2023-10-20T00:51:38.821292, updateTime=null, replyCount=0)
2023-10-20T00:57:30.797+09:00  INFO 1440 --- [    Test worker] o.z.s.r.BoardRepositoryTests             : BoardListReplyCountDto(bno=2733, title=title...81, writer=user1, regTime=2023-10-20T00:51:38.782336, updateTime=null, replyCount=0)
2023-10-20T00:57:30.797+09:00  INFO 1440 --- [    Test worker] o.z.s.r.BoardRepositoryTests             : BoardListReplyCountDto(bno=2723, title=title...71, writer=user1, regTime=2023-10-20T00:51:38.743275, updateTime=null, replyCount=0)
2023-10-20T00:57:30.797+09:00  INFO 1440 --- [    Test worker] o.z.s.r.BoardRepositoryTests             : BoardListReplyCountDto(bno=2713, title=title...61, writer=user1, regTime=2023-10-20T00:51:38.696283, updateTime=null, replyCount=0)
2023-10-20T00:57:30.797+09:00  INFO 1440 --- [    Test worker] o.z.s.r.BoardRepositoryTests             : BoardListReplyCountDto(bno=2703, title=title...51, writer=user1, regTime=2023-10-20T00:51:38.649624, updateTime=null, replyCount=0)
2023-10-20T00:57:30.797+09:00  INFO 1440 --- [    Test worker] o.z.s.r.BoardRepositoryTests             : BoardListReplyCountDto(bno=2693, title=title...41, writer=user1, regTime=2023-10-20T00:51:38.602299, updateTime=null, replyCount=0)
2023-10-20T00:57:30.797+09:00  INFO 1440 --- [    Test worker] o.z.s.r.BoardRepositoryTests             : BoardListReplyCountDto(bno=2683, title=title...31, writer=user1, regTime=2023-10-20T00:51:38.549546, updateTime=null, replyCount=0)
2023-10-20T00:57:30.797+09:00  INFO 1440 --- [    Test worker] o.z.s.r.BoardRepositoryTests             : BoardListReplyCountDto(bno=2673, title=title...21, writer=user1, regTime=2023-10-20T00:51:38.501590, updateTime=null, replyCount=0)
2023-10-20T00:57:30.797+09:00  INFO 1440 --- [    Test worker] o.z.s.r.BoardRepositoryTests             : BoardListReplyCountDto(bno=2671, title=title...19, writer=user9, regTime=2023-10-20T00:51:38.491412, updateTime=null, replyCount=0)
Hibernate: 
    select
        b1_0.bno,
        b1_0.content,
        b1_0.created_by,
        b1_0.modified_by,
        b1_0.reg_time,
        b1_0.title,
        b1_0.update_time,
        b1_0.writer 
    from
        board b1_0 
    where
        b1_0.bno=?
Hibernate: 
    insert 
    into
        board
        (content,created_by,modified_by,reg_time,title,update_time,writer) 
    values
        (?,?,?,?,?,?,?)
2023-10-20T00:57:30.826+09:00  INFO 1440 --- [    Test worker] o.z.s.r.BoardRepositoryTests             : BNO : 2754
Hibernate: 
    insert 
    into
        board
        (content,created_by,modified_by,reg_time,title,update_time,writer) 
    values
        (?,?,?,?,?,?,?)
2023-10-20T00:57:30.832+09:00  INFO 1440 --- [    Test worker] o.z.s.r.BoardRepositoryTests             : BNO : 2755
Hibernate: 
    insert 
    into
        board
        (content,created_by,modified_by,reg_time,title,update_time,writer) 
    values
        (?,?,?,?,?,?,?)
2023-10-20T00:57:30.837+09:00  INFO 1440 --- [    Test worker] o.z.s.r.BoardRepositoryTests             : BNO : 2756
Hibernate: 
    insert 
    into
        board
        (content,created_by,modified_by,reg_time,title,update_time,writer) 
    values
        (?,?,?,?,?,?,?)
2023-10-20T00:57:30.842+09:00  INFO 1440 --- [    Test worker] o.z.s.r.BoardRepositoryTests             : BNO : 2757
Hibernate: 
    insert 
    into
        board
        (content,created_by,modified_by,reg_time,title,update_time,writer) 
    values
        (?,?,?,?,?,?,?)
2023-10-20T00:57:30.849+09:00  INFO 1440 --- [    Test worker] o.z.s.r.BoardRepositoryTests             : BNO : 2758
Hibernate: 
    insert 
    into
        board
        (content,created_by,modified_by,reg_time,title,update_time,writer) 
    values
        (?,?,?,?,?,?,?)
2023-10-20T00:57:30.854+09:00  INFO 1440 --- [    Test worker] o.z.s.r.BoardRepositoryTests             : BNO : 2759
Hibernate: 
    insert 
    into
        board
        (content,created_by,modified_by,reg_time,title,update_time,writer) 
    values
        (?,?,?,?,?,?,?)
2023-10-20T00:57:30.861+09:00  INFO 1440 --- [    Test worker] o.z.s.r.BoardRepositoryTests             : BNO : 2760
Hibernate: 
    insert 
    into
        board
        (content,created_by,modified_by,reg_time,title,update_time,writer) 
    values
        (?,?,?,?,?,?,?)
2023-10-20T00:57:30.866+09:00  INFO 1440 --- [    Test worker] o.z.s.r.BoardRepositoryTests             : BNO : 2761
Hibernate: 
    insert 
    into
        board
        (content,created_by,modified_by,reg_time,title,update_time,writer) 
    values
        (?,?,?,?,?,?,?)
2023-10-20T00:57:30.871+09:00  INFO 1440 --- [    Test worker] o.z.s.r.BoardRepositoryTests             : BNO : 2762
Hibernate: 
    insert 
    into
        board
        (content,created_by,modified_by,reg_time,title,update_time,writer) 
    values
        (?,?,?,?,?,?,?)
2023-10-20T00:57:30.876+09:00  INFO 1440 --- [    Test worker] o.z.s.r.BoardRepositoryTests             : BNO : 2763
Hibernate: 
    insert 
    into
        board
        (content,created_by,modified_by,reg_time,title,update_time,writer) 
    values
        (?,?,?,?,?,?,?)
2023-10-20T00:57:30.881+09:00  INFO 1440 --- [    Test worker] o.z.s.r.BoardRepositoryTests             : BNO : 2764
Hibernate: 
    insert 
    into
        board
        (content,created_by,modified_by,reg_time,title,update_time,writer) 
    values
        (?,?,?,?,?,?,?)
2023-10-20T00:57:30.886+09:00  INFO 1440 --- [    Test worker] o.z.s.r.BoardRepositoryTests             : BNO : 2765
Hibernate: 
    insert 
    into
        board
        (content,created_by,modified_by,reg_time,title,update_time,writer) 
    values
        (?,?,?,?,?,?,?)
2023-10-20T00:57:30.891+09:00  INFO 1440 --- [    Test worker] o.z.s.r.BoardRepositoryTests             : BNO : 2766
Hibernate: 
    insert 
    into
        board
        (content,created_by,modified_by,reg_time,title,update_time,writer) 
    values
        (?,?,?,?,?,?,?)
2023-10-20T00:57:30.894+09:00  INFO 1440 --- [    Test worker] o.z.s.r.BoardRepositoryTests             : BNO : 2767
Hibernate: 
    insert 
    into
        board
        (content,created_by,modified_by,reg_time,title,update_time,writer) 
    values
        (?,?,?,?,?,?,?)
2023-10-20T00:57:30.899+09:00  INFO 1440 --- [    Test worker] o.z.s.r.BoardRepositoryTests             : BNO : 2768
Hibernate: 
    insert 
    into
        board
        (content,created_by,modified_by,reg_time,title,update_time,writer) 
    values
        (?,?,?,?,?,?,?)
2023-10-20T00:57:30.904+09:00  INFO 1440 --- [    Test worker] o.z.s.r.BoardRepositoryTests             : BNO : 2769
Hibernate: 
    insert 
    into
        board
        (content,created_by,modified_by,reg_time,title,update_time,writer) 
    values
        (?,?,?,?,?,?,?)
2023-10-20T00:57:30.909+09:00  INFO 1440 --- [    Test worker] o.z.s.r.BoardRepositoryTests             : BNO : 2770
Hibernate: 
    insert 
    into
        board
        (content,created_by,modified_by,reg_time,title,update_time,writer) 
    values
        (?,?,?,?,?,?,?)
2023-10-20T00:57:30.914+09:00  INFO 1440 --- [    Test worker] o.z.s.r.BoardRepositoryTests             : BNO : 2771
Hibernate: 
    insert 
    into
        board
        (content,created_by,modified_by,reg_time,title,update_time,writer) 
    values
        (?,?,?,?,?,?,?)
2023-10-20T00:57:30.918+09:00  INFO 1440 --- [    Test worker] o.z.s.r.BoardRepositoryTests             : BNO : 2772
Hibernate: 
    insert 
    into
        board
        (content,created_by,modified_by,reg_time,title,update_time,writer) 
    values
        (?,?,?,?,?,?,?)
2023-10-20T00:57:30.922+09:00  INFO 1440 --- [    Test worker] o.z.s.r.BoardRepositoryTests             : BNO : 2773
Hibernate: 
    insert 
    into
        board
        (content,created_by,modified_by,reg_time,title,update_time,writer) 
    values
        (?,?,?,?,?,?,?)
2023-10-20T00:57:30.928+09:00  INFO 1440 --- [    Test worker] o.z.s.r.BoardRepositoryTests             : BNO : 2774
Hibernate: 
    insert 
    into
        board
        (content,created_by,modified_by,reg_time,title,update_time,writer) 
    values
        (?,?,?,?,?,?,?)
2023-10-20T00:57:30.933+09:00  INFO 1440 --- [    Test worker] o.z.s.r.BoardRepositoryTests             : BNO : 2775
Hibernate: 
    insert 
    into
        board
        (content,created_by,modified_by,reg_time,title,update_time,writer) 
    values
        (?,?,?,?,?,?,?)
2023-10-20T00:57:30.938+09:00  INFO 1440 --- [    Test worker] o.z.s.r.BoardRepositoryTests             : BNO : 2776
Hibernate: 
    insert 
    into
        board
        (content,created_by,modified_by,reg_time,title,update_time,writer) 
    values
        (?,?,?,?,?,?,?)
2023-10-20T00:57:30.943+09:00  INFO 1440 --- [    Test worker] o.z.s.r.BoardRepositoryTests             : BNO : 2777
Hibernate: 
    insert 
    into
        board
        (content,created_by,modified_by,reg_time,title,update_time,writer) 
    values
        (?,?,?,?,?,?,?)
2023-10-20T00:57:30.949+09:00  INFO 1440 --- [    Test worker] o.z.s.r.BoardRepositoryTests             : BNO : 2778
Hibernate: 
    insert 
    into
        board
        (content,created_by,modified_by,reg_time,title,update_time,writer) 
    values
        (?,?,?,?,?,?,?)
2023-10-20T00:57:30.953+09:00  INFO 1440 --- [    Test worker] o.z.s.r.BoardRepositoryTests             : BNO : 2779
Hibernate: 
    insert 
    into
        board
        (content,created_by,modified_by,reg_time,title,update_time,writer) 
    values
        (?,?,?,?,?,?,?)
2023-10-20T00:57:30.958+09:00  INFO 1440 --- [    Test worker] o.z.s.r.BoardRepositoryTests             : BNO : 2780
Hibernate: 
    insert 
    into
        board
        (content,created_by,modified_by,reg_time,title,update_time,writer) 
    values
        (?,?,?,?,?,?,?)
2023-10-20T00:57:30.963+09:00  INFO 1440 --- [    Test worker] o.z.s.r.BoardRepositoryTests             : BNO : 2781
Hibernate: 
    insert 
    into
        board
        (content,created_by,modified_by,reg_time,title,update_time,writer) 
    values
        (?,?,?,?,?,?,?)
2023-10-20T00:57:30.968+09:00  INFO 1440 --- [    Test worker] o.z.s.r.BoardRepositoryTests             : BNO : 2782
Hibernate: 
    insert 
    into
        board
        (content,created_by,modified_by,reg_time,title,update_time,writer) 
    values
        (?,?,?,?,?,?,?)
2023-10-20T00:57:30.973+09:00  INFO 1440 --- [    Test worker] o.z.s.r.BoardRepositoryTests             : BNO : 2783
Hibernate: 
    insert 
    into
        board
        (content,created_by,modified_by,reg_time,title,update_time,writer) 
    values
        (?,?,?,?,?,?,?)
2023-10-20T00:57:30.978+09:00  INFO 1440 --- [    Test worker] o.z.s.r.BoardRepositoryTests             : BNO : 2784
Hibernate: 
    insert 
    into
        board
        (content,created_by,modified_by,reg_time,title,update_time,writer) 
    values
        (?,?,?,?,?,?,?)
2023-10-20T00:57:30.982+09:00  INFO 1440 --- [    Test worker] o.z.s.r.BoardRepositoryTests             : BNO : 2785
Hibernate: 
    insert 
    into
        board
        (content,created_by,modified_by,reg_time,title,update_time,writer) 
    values
        (?,?,?,?,?,?,?)
2023-10-20T00:57:30.989+09:00  INFO 1440 --- [    Test worker] o.z.s.r.BoardRepositoryTests             : BNO : 2786
Hibernate: 
    insert 
    into
        board
        (content,created_by,modified_by,reg_time,title,update_time,writer) 
    values
        (?,?,?,?,?,?,?)
2023-10-20T00:57:30.996+09:00  INFO 1440 --- [    Test worker] o.z.s.r.BoardRepositoryTests             : BNO : 2787
Hibernate: 
    insert 
    into
        board
        (content,created_by,modified_by,reg_time,title,update_time,writer) 
    values
        (?,?,?,?,?,?,?)
2023-10-20T00:57:31.000+09:00  INFO 1440 --- [    Test worker] o.z.s.r.BoardRepositoryTests             : BNO : 2788
Hibernate: 
    insert 
    into
        board
        (content,created_by,modified_by,reg_time,title,update_time,writer) 
    values
        (?,?,?,?,?,?,?)
2023-10-20T00:57:31.005+09:00  INFO 1440 --- [    Test worker] o.z.s.r.BoardRepositoryTests             : BNO : 2789
Hibernate: 
    insert 
    into
        board
        (content,created_by,modified_by,reg_time,title,update_time,writer) 
    values
        (?,?,?,?,?,?,?)
2023-10-20T00:57:31.009+09:00  INFO 1440 --- [    Test worker] o.z.s.r.BoardRepositoryTests             : BNO : 2790
Hibernate: 
    insert 
    into
        board
        (content,created_by,modified_by,reg_time,title,update_time,writer) 
    values
        (?,?,?,?,?,?,?)
2023-10-20T00:57:31.014+09:00  INFO 1440 --- [    Test worker] o.z.s.r.BoardRepositoryTests             : BNO : 2791
Hibernate: 
    insert 
    into
        board
        (content,created_by,modified_by,reg_time,title,update_time,writer) 
    values
        (?,?,?,?,?,?,?)
2023-10-20T00:57:31.017+09:00  INFO 1440 --- [    Test worker] o.z.s.r.BoardRepositoryTests             : BNO : 2792
Hibernate: 
    insert 
    into
        board
        (content,created_by,modified_by,reg_time,title,update_time,writer) 
    values
        (?,?,?,?,?,?,?)
2023-10-20T00:57:31.022+09:00  INFO 1440 --- [    Test worker] o.z.s.r.BoardRepositoryTests             : BNO : 2793
Hibernate: 
    insert 
    into
        board
        (content,created_by,modified_by,reg_time,title,update_time,writer) 
    values
        (?,?,?,?,?,?,?)
2023-10-20T00:57:31.026+09:00  INFO 1440 --- [    Test worker] o.z.s.r.BoardRepositoryTests             : BNO : 2794
Hibernate: 
    insert 
    into
        board
        (content,created_by,modified_by,reg_time,title,update_time,writer) 
    values
        (?,?,?,?,?,?,?)
2023-10-20T00:57:31.029+09:00  INFO 1440 --- [    Test worker] o.z.s.r.BoardRepositoryTests             : BNO : 2795
Hibernate: 
    insert 
    into
        board
        (content,created_by,modified_by,reg_time,title,update_time,writer) 
    values
        (?,?,?,?,?,?,?)
2023-10-20T00:57:31.034+09:00  INFO 1440 --- [    Test worker] o.z.s.r.BoardRepositoryTests             : BNO : 2796
Hibernate: 
    insert 
    into
        board
        (content,created_by,modified_by,reg_time,title,update_time,writer) 
    values
        (?,?,?,?,?,?,?)
2023-10-20T00:57:31.037+09:00  INFO 1440 --- [    Test worker] o.z.s.r.BoardRepositoryTests             : BNO : 2797
Hibernate: 
    insert 
    into
        board
        (content,created_by,modified_by,reg_time,title,update_time,writer) 
    values
        (?,?,?,?,?,?,?)
2023-10-20T00:57:31.041+09:00  INFO 1440 --- [    Test worker] o.z.s.r.BoardRepositoryTests             : BNO : 2798
Hibernate: 
    insert 
    into
        board
        (content,created_by,modified_by,reg_time,title,update_time,writer) 
    values
        (?,?,?,?,?,?,?)
2023-10-20T00:57:31.045+09:00  INFO 1440 --- [    Test worker] o.z.s.r.BoardRepositoryTests             : BNO : 2799
Hibernate: 
    insert 
    into
        board
        (content,created_by,modified_by,reg_time,title,update_time,writer) 
    values
        (?,?,?,?,?,?,?)
2023-10-20T00:57:31.049+09:00  INFO 1440 --- [    Test worker] o.z.s.r.BoardRepositoryTests             : BNO : 2800
Hibernate: 
    insert 
    into
        board
        (content,created_by,modified_by,reg_time,title,update_time,writer) 
    values
        (?,?,?,?,?,?,?)
2023-10-20T00:57:31.054+09:00  INFO 1440 --- [    Test worker] o.z.s.r.BoardRepositoryTests             : BNO : 2801
Hibernate: 
    insert 
    into
        board
        (content,created_by,modified_by,reg_time,title,update_time,writer) 
    values
        (?,?,?,?,?,?,?)
2023-10-20T00:57:31.058+09:00  INFO 1440 --- [    Test worker] o.z.s.r.BoardRepositoryTests             : BNO : 2802
Hibernate: 
    insert 
    into
        board
        (content,created_by,modified_by,reg_time,title,update_time,writer) 
    values
        (?,?,?,?,?,?,?)
2023-10-20T00:57:31.062+09:00  INFO 1440 --- [    Test worker] o.z.s.r.BoardRepositoryTests             : BNO : 2803
Hibernate: 
    insert 
    into
        board
        (content,created_by,modified_by,reg_time,title,update_time,writer) 
    values
        (?,?,?,?,?,?,?)
2023-10-20T00:57:31.066+09:00  INFO 1440 --- [    Test worker] o.z.s.r.BoardRepositoryTests             : BNO : 2804
Hibernate: 
    insert 
    into
        board
        (content,created_by,modified_by,reg_time,title,update_time,writer) 
    values
        (?,?,?,?,?,?,?)
2023-10-20T00:57:31.071+09:00  INFO 1440 --- [    Test worker] o.z.s.r.BoardRepositoryTests             : BNO : 2805
Hibernate: 
    insert 
    into
        board
        (content,created_by,modified_by,reg_time,title,update_time,writer) 
    values
        (?,?,?,?,?,?,?)
2023-10-20T00:57:31.076+09:00  INFO 1440 --- [    Test worker] o.z.s.r.BoardRepositoryTests             : BNO : 2806
Hibernate: 
    insert 
    into
        board
        (content,created_by,modified_by,reg_time,title,update_time,writer) 
    values
        (?,?,?,?,?,?,?)
2023-10-20T00:57:31.080+09:00  INFO 1440 --- [    Test worker] o.z.s.r.BoardRepositoryTests             : BNO : 2807
Hibernate: 
    insert 
    into
        board
        (content,created_by,modified_by,reg_time,title,update_time,writer) 
    values
        (?,?,?,?,?,?,?)
2023-10-20T00:57:31.085+09:00  INFO 1440 --- [    Test worker] o.z.s.r.BoardRepositoryTests             : BNO : 2808
Hibernate: 
    insert 
    into
        board
        (content,created_by,modified_by,reg_time,title,update_time,writer) 
    values
        (?,?,?,?,?,?,?)
2023-10-20T00:57:31.089+09:00  INFO 1440 --- [    Test worker] o.z.s.r.BoardRepositoryTests             : BNO : 2809
Hibernate: 
    insert 
    into
        board
        (content,created_by,modified_by,reg_time,title,update_time,writer) 
    values
        (?,?,?,?,?,?,?)
2023-10-20T00:57:31.093+09:00  INFO 1440 --- [    Test worker] o.z.s.r.BoardRepositoryTests             : BNO : 2810
Hibernate: 
    insert 
    into
        board
        (content,created_by,modified_by,reg_time,title,update_time,writer) 
    values
        (?,?,?,?,?,?,?)
2023-10-20T00:57:31.097+09:00  INFO 1440 --- [    Test worker] o.z.s.r.BoardRepositoryTests             : BNO : 2811
Hibernate: 
    insert 
    into
        board
        (content,created_by,modified_by,reg_time,title,update_time,writer) 
    values
        (?,?,?,?,?,?,?)
2023-10-20T00:57:31.102+09:00  INFO 1440 --- [    Test worker] o.z.s.r.BoardRepositoryTests             : BNO : 2812
Hibernate: 
    insert 
    into
        board
        (content,created_by,modified_by,reg_time,title,update_time,writer) 
    values
        (?,?,?,?,?,?,?)
2023-10-20T00:57:31.107+09:00  INFO 1440 --- [    Test worker] o.z.s.r.BoardRepositoryTests             : BNO : 2813
Hibernate: 
    insert 
    into
        board
        (content,created_by,modified_by,reg_time,title,update_time,writer) 
    values
        (?,?,?,?,?,?,?)
2023-10-20T00:57:31.110+09:00  INFO 1440 --- [    Test worker] o.z.s.r.BoardRepositoryTests             : BNO : 2814
Hibernate: 
    insert 
    into
        board
        (content,created_by,modified_by,reg_time,title,update_time,writer) 
    values
        (?,?,?,?,?,?,?)
2023-10-20T00:57:31.115+09:00  INFO 1440 --- [    Test worker] o.z.s.r.BoardRepositoryTests             : BNO : 2815
Hibernate: 
    insert 
    into
        board
        (content,created_by,modified_by,reg_time,title,update_time,writer) 
    values
        (?,?,?,?,?,?,?)
2023-10-20T00:57:31.119+09:00  INFO 1440 --- [    Test worker] o.z.s.r.BoardRepositoryTests             : BNO : 2816
Hibernate: 
    insert 
    into
        board
        (content,created_by,modified_by,reg_time,title,update_time,writer) 
    values
        (?,?,?,?,?,?,?)
2023-10-20T00:57:31.124+09:00  INFO 1440 --- [    Test worker] o.z.s.r.BoardRepositoryTests             : BNO : 2817
Hibernate: 
    insert 
    into
        board
        (content,created_by,modified_by,reg_time,title,update_time,writer) 
    values
        (?,?,?,?,?,?,?)
2023-10-20T00:57:31.128+09:00  INFO 1440 --- [    Test worker] o.z.s.r.BoardRepositoryTests             : BNO : 2818
Hibernate: 
    insert 
    into
        board
        (content,created_by,modified_by,reg_time,title,update_time,writer) 
    values
        (?,?,?,?,?,?,?)
2023-10-20T00:57:31.132+09:00  INFO 1440 --- [    Test worker] o.z.s.r.BoardRepositoryTests             : BNO : 2819
Hibernate: 
    insert 
    into
        board
        (content,created_by,modified_by,reg_time,title,update_time,writer) 
    values
        (?,?,?,?,?,?,?)
2023-10-20T00:57:31.135+09:00  INFO 1440 --- [    Test worker] o.z.s.r.BoardRepositoryTests             : BNO : 2820
Hibernate: 
    insert 
    into
        board
        (content,created_by,modified_by,reg_time,title,update_time,writer) 
    values
        (?,?,?,?,?,?,?)
2023-10-20T00:57:31.139+09:00  INFO 1440 --- [    Test worker] o.z.s.r.BoardRepositoryTests             : BNO : 2821
Hibernate: 
    insert 
    into
        board
        (content,created_by,modified_by,reg_time,title,update_time,writer) 
    values
        (?,?,?,?,?,?,?)
2023-10-20T00:57:31.147+09:00  INFO 1440 --- [    Test worker] o.z.s.r.BoardRepositoryTests             : BNO : 2822
Hibernate: 
    insert 
    into
        board
        (content,created_by,modified_by,reg_time,title,update_time,writer) 
    values
        (?,?,?,?,?,?,?)
2023-10-20T00:57:31.152+09:00  INFO 1440 --- [    Test worker] o.z.s.r.BoardRepositoryTests             : BNO : 2823
Hibernate: 
    insert 
    into
        board
        (content,created_by,modified_by,reg_time,title,update_time,writer) 
    values
        (?,?,?,?,?,?,?)
2023-10-20T00:57:31.155+09:00  INFO 1440 --- [    Test worker] o.z.s.r.BoardRepositoryTests             : BNO : 2824
Hibernate: 
    insert 
    into
        board
        (content,created_by,modified_by,reg_time,title,update_time,writer) 
    values
        (?,?,?,?,?,?,?)
2023-10-20T00:57:31.159+09:00  INFO 1440 --- [    Test worker] o.z.s.r.BoardRepositoryTests             : BNO : 2825
Hibernate: 
    insert 
    into
        board
        (content,created_by,modified_by,reg_time,title,update_time,writer) 
    values
        (?,?,?,?,?,?,?)
2023-10-20T00:57:31.164+09:00  INFO 1440 --- [    Test worker] o.z.s.r.BoardRepositoryTests             : BNO : 2826
Hibernate: 
    insert 
    into
        board
        (content,created_by,modified_by,reg_time,title,update_time,writer) 
    values
        (?,?,?,?,?,?,?)
2023-10-20T00:57:31.168+09:00  INFO 1440 --- [    Test worker] o.z.s.r.BoardRepositoryTests             : BNO : 2827
Hibernate: 
    insert 
    into
        board
        (content,created_by,modified_by,reg_time,title,update_time,writer) 
    values
        (?,?,?,?,?,?,?)
2023-10-20T00:57:31.173+09:00  INFO 1440 --- [    Test worker] o.z.s.r.BoardRepositoryTests             : BNO : 2828
Hibernate: 
    insert 
    into
        board
        (content,created_by,modified_by,reg_time,title,update_time,writer) 
    values
        (?,?,?,?,?,?,?)
2023-10-20T00:57:31.177+09:00  INFO 1440 --- [    Test worker] o.z.s.r.BoardRepositoryTests             : BNO : 2829
Hibernate: 
    insert 
    into
        board
        (content,created_by,modified_by,reg_time,title,update_time,writer) 
    values
        (?,?,?,?,?,?,?)
2023-10-20T00:57:31.180+09:00  INFO 1440 --- [    Test worker] o.z.s.r.BoardRepositoryTests             : BNO : 2830
Hibernate: 
    insert 
    into
        board
        (content,created_by,modified_by,reg_time,title,update_time,writer) 
    values
        (?,?,?,?,?,?,?)
2023-10-20T00:57:31.185+09:00  INFO 1440 --- [    Test worker] o.z.s.r.BoardRepositoryTests             : BNO : 2831
Hibernate: 
    insert 
    into
        board
        (content,created_by,modified_by,reg_time,title,update_time,writer) 
    values
        (?,?,?,?,?,?,?)
2023-10-20T00:57:31.189+09:00  INFO 1440 --- [    Test worker] o.z.s.r.BoardRepositoryTests             : BNO : 2832
Hibernate: 
    insert 
    into
        board
        (content,created_by,modified_by,reg_time,title,update_time,writer) 
    values
        (?,?,?,?,?,?,?)
2023-10-20T00:57:31.193+09:00  INFO 1440 --- [    Test worker] o.z.s.r.BoardRepositoryTests             : BNO : 2833
Hibernate: 
    insert 
    into
        board
        (content,created_by,modified_by,reg_time,title,update_time,writer) 
    values
        (?,?,?,?,?,?,?)
2023-10-20T00:57:31.197+09:00  INFO 1440 --- [    Test worker] o.z.s.r.BoardRepositoryTests             : BNO : 2834
Hibernate: 
    insert 
    into
        board
        (content,created_by,modified_by,reg_time,title,update_time,writer) 
    values
        (?,?,?,?,?,?,?)
2023-10-20T00:57:31.201+09:00  INFO 1440 --- [    Test worker] o.z.s.r.BoardRepositoryTests             : BNO : 2835
Hibernate: 
    insert 
    into
        board
        (content,created_by,modified_by,reg_time,title,update_time,writer) 
    values
        (?,?,?,?,?,?,?)
2023-10-20T00:57:31.205+09:00  INFO 1440 --- [    Test worker] o.z.s.r.BoardRepositoryTests             : BNO : 2836
Hibernate: 
    insert 
    into
        board
        (content,created_by,modified_by,reg_time,title,update_time,writer) 
    values
        (?,?,?,?,?,?,?)
2023-10-20T00:57:31.209+09:00  INFO 1440 --- [    Test worker] o.z.s.r.BoardRepositoryTests             : BNO : 2837
Hibernate: 
    insert 
    into
        board
        (content,created_by,modified_by,reg_time,title,update_time,writer) 
    values
        (?,?,?,?,?,?,?)
2023-10-20T00:57:31.212+09:00  INFO 1440 --- [    Test worker] o.z.s.r.BoardRepositoryTests             : BNO : 2838
Hibernate: 
    insert 
    into
        board
        (content,created_by,modified_by,reg_time,title,update_time,writer) 
    values
        (?,?,?,?,?,?,?)
2023-10-20T00:57:31.217+09:00  INFO 1440 --- [    Test worker] o.z.s.r.BoardRepositoryTests             : BNO : 2839
Hibernate: 
    insert 
    into
        board
        (content,created_by,modified_by,reg_time,title,update_time,writer) 
    values
        (?,?,?,?,?,?,?)
2023-10-20T00:57:31.221+09:00  INFO 1440 --- [    Test worker] o.z.s.r.BoardRepositoryTests             : BNO : 2840
Hibernate: 
    insert 
    into
        board
        (content,created_by,modified_by,reg_time,title,update_time,writer) 
    values
        (?,?,?,?,?,?,?)
2023-10-20T00:57:31.224+09:00  INFO 1440 --- [    Test worker] o.z.s.r.BoardRepositoryTests             : BNO : 2841
Hibernate: 
    insert 
    into
        board
        (content,created_by,modified_by,reg_time,title,update_time,writer) 
    values
        (?,?,?,?,?,?,?)
2023-10-20T00:57:31.229+09:00  INFO 1440 --- [    Test worker] o.z.s.r.BoardRepositoryTests             : BNO : 2842
Hibernate: 
    insert 
    into
        board
        (content,created_by,modified_by,reg_time,title,update_time,writer) 
    values
        (?,?,?,?,?,?,?)
2023-10-20T00:57:31.232+09:00  INFO 1440 --- [    Test worker] o.z.s.r.BoardRepositoryTests             : BNO : 2843
Hibernate: 
    insert 
    into
        board
        (content,created_by,modified_by,reg_time,title,update_time,writer) 
    values
        (?,?,?,?,?,?,?)
2023-10-20T00:57:31.235+09:00  INFO 1440 --- [    Test worker] o.z.s.r.BoardRepositoryTests             : BNO : 2844
Hibernate: 
    insert 
    into
        board
        (content,created_by,modified_by,reg_time,title,update_time,writer) 
    values
        (?,?,?,?,?,?,?)
2023-10-20T00:57:31.239+09:00  INFO 1440 --- [    Test worker] o.z.s.r.BoardRepositoryTests             : BNO : 2845
Hibernate: 
    insert 
    into
        board
        (content,created_by,modified_by,reg_time,title,update_time,writer) 
    values
        (?,?,?,?,?,?,?)
2023-10-20T00:57:31.245+09:00  INFO 1440 --- [    Test worker] o.z.s.r.BoardRepositoryTests             : BNO : 2846
Hibernate: 
    insert 
    into
        board
        (content,created_by,modified_by,reg_time,title,update_time,writer) 
    values
        (?,?,?,?,?,?,?)
2023-10-20T00:57:31.249+09:00  INFO 1440 --- [    Test worker] o.z.s.r.BoardRepositoryTests             : BNO : 2847
Hibernate: 
    insert 
    into
        board
        (content,created_by,modified_by,reg_time,title,update_time,writer) 
    values
        (?,?,?,?,?,?,?)
2023-10-20T00:57:31.254+09:00  INFO 1440 --- [    Test worker] o.z.s.r.BoardRepositoryTests             : BNO : 2848
Hibernate: 
    insert 
    into
        board
        (content,created_by,modified_by,reg_time,title,update_time,writer) 
    values
        (?,?,?,?,?,?,?)
2023-10-20T00:57:31.258+09:00  INFO 1440 --- [    Test worker] o.z.s.r.BoardRepositoryTests             : BNO : 2849
Hibernate: 
    insert 
    into
        board
        (content,created_by,modified_by,reg_time,title,update_time,writer) 
    values
        (?,?,?,?,?,?,?)
2023-10-20T00:57:31.262+09:00  INFO 1440 --- [    Test worker] o.z.s.r.BoardRepositoryTests             : BNO : 2850
Hibernate: 
    insert 
    into
        board
        (content,created_by,modified_by,reg_time,title,update_time,writer) 
    values
        (?,?,?,?,?,?,?)
2023-10-20T00:57:31.266+09:00  INFO 1440 --- [    Test worker] o.z.s.r.BoardRepositoryTests             : BNO : 2851
Hibernate: 
    insert 
    into
        board
        (content,created_by,modified_by,reg_time,title,update_time,writer) 
    values
        (?,?,?,?,?,?,?)
2023-10-20T00:57:31.270+09:00  INFO 1440 --- [    Test worker] o.z.s.r.BoardRepositoryTests             : BNO : 2852
Hibernate: 
    insert 
    into
        board
        (content,created_by,modified_by,reg_time,title,update_time,writer) 
    values
        (?,?,?,?,?,?,?)
2023-10-20T00:57:31.274+09:00  INFO 1440 --- [    Test worker] o.z.s.r.BoardRepositoryTests             : BNO : 2853
Hibernate: 
    select
        b1_0.bno,
        b1_0.content,
        b1_0.created_by,
        b1_0.modified_by,
        b1_0.reg_time,
        b1_0.title,
        b1_0.update_time,
        b1_0.writer 
    from
        board b1_0 
    where
        (
            b1_0.title like ? escape '!' 
            or b1_0.content like ? escape '!'
        ) 
        and b1_0.bno>? 
    order by
        b1_0.bno desc limit ?,
        ?
Hibernate: 
    select
        count(b1_0.bno) 
    from
        board b1_0 
    where
        (
            b1_0.title like ? escape '!' 
            or b1_0.content like ? escape '!'
        ) 
        and b1_0.bno>?
Hibernate: 
    select
        b1_0.bno,
        b1_0.content,
        b1_0.created_by,
        b1_0.modified_by,
        b1_0.reg_time,
        b1_0.title,
        b1_0.update_time,
        b1_0.writer 
    from
        board b1_0 
    order by
        b1_0.bno desc limit ?,
        ?
Hibernate: 
    select
        count(b1_0.bno) 
    from
        board b1_0
2023-10-20T00:57:31.315+09:00  INFO 1440 --- [    Test worker] o.z.s.r.BoardRepositoryTests             : total count : 2825
2023-10-20T00:57:31.315+09:00  INFO 1440 --- [    Test worker] o.z.s.r.BoardRepositoryTests             : total pages : 283
2023-10-20T00:57:31.315+09:00  INFO 1440 --- [    Test worker] o.z.s.r.BoardRepositoryTests             : page number : 0
2023-10-20T00:57:31.315+09:00  INFO 1440 --- [    Test worker] o.z.s.r.BoardRepositoryTests             : page size : 10
2023-10-20T00:57:31.317+09:00  INFO 1440 --- [    Test worker] o.z.s.r.BoardRepositoryTests             : Board(bno=2853, title=title...100, content=content...100, writer=user0)
2023-10-20T00:57:31.317+09:00  INFO 1440 --- [    Test worker] o.z.s.r.BoardRepositoryTests             : Board(bno=2852, title=title...99, content=content...99, writer=user9)
2023-10-20T00:57:31.317+09:00  INFO 1440 --- [    Test worker] o.z.s.r.BoardRepositoryTests             : Board(bno=2851, title=title...98, content=content...98, writer=user8)
2023-10-20T00:57:31.317+09:00  INFO 1440 --- [    Test worker] o.z.s.r.BoardRepositoryTests             : Board(bno=2850, title=title...97, content=content...97, writer=user7)
2023-10-20T00:57:31.317+09:00  INFO 1440 --- [    Test worker] o.z.s.r.BoardRepositoryTests             : Board(bno=2849, title=title...96, content=content...96, writer=user6)
2023-10-20T00:57:31.317+09:00  INFO 1440 --- [    Test worker] o.z.s.r.BoardRepositoryTests             : Board(bno=2848, title=title...95, content=content...95, writer=user5)
2023-10-20T00:57:31.317+09:00  INFO 1440 --- [    Test worker] o.z.s.r.BoardRepositoryTests             : Board(bno=2847, title=title...94, content=content...94, writer=user4)
2023-10-20T00:57:31.317+09:00  INFO 1440 --- [    Test worker] o.z.s.r.BoardRepositoryTests             : Board(bno=2846, title=title...93, content=content...93, writer=user3)
2023-10-20T00:57:31.317+09:00  INFO 1440 --- [    Test worker] o.z.s.r.BoardRepositoryTests             : Board(bno=2845, title=title...92, content=content...92, writer=user2)
2023-10-20T00:57:31.317+09:00  INFO 1440 --- [    Test worker] o.z.s.r.BoardRepositoryTests             : Board(bno=2844, title=title...91, content=content...91, writer=user1)
Hibernate: 
    select
        b1_0.bno,
        b1_0.content,
        b1_0.created_by,
        b1_0.modified_by,
        b1_0.reg_time,
        b1_0.title,
        b1_0.update_time,
        b1_0.writer 
    from
        board b1_0 
    where
        b1_0.bno=?
2023-10-20T00:57:31.325+09:00  INFO 1440 --- [    Test worker] o.z.s.r.BoardRepositoryTests             : Board(bno=100, title=Updated....101, content=Updated content 101..., writer=user0)
Hibernate: 
    select
        b1_0.bno,
        b1_0.content,
        b1_0.created_by,
        b1_0.modified_by,
        b1_0.reg_time,
        b1_0.title,
        b1_0.update_time,
        b1_0.writer 
    from
        board b1_0 
    where
        b1_0.bno=?
Hibernate: 
    select
        b1_0.bno,
        b1_0.content,
        b1_0.created_by,
        b1_0.modified_by,
        b1_0.reg_time,
        b1_0.title,
        b1_0.update_time,
        b1_0.writer 
    from
        board b1_0 
    where
        b1_0.bno=?
Hibernate: 
    update
        board 
    set
        content=?,
        modified_by=?,
        title=?,
        update_time=?,
        writer=? 
    where
        bno=?
]]></system-out>
  <system-err><![CDATA[]]></system-err>
</testsuite>
