<?xml version="1.0" encoding="UTF-8"?>
<testsuite name="org.zerock.shop.service.OrderServiceTest" tests="2" skipped="0" failures="0" errors="0" timestamp="2023-10-19T15:57:32" hostname="10-5" time="0.027">
  <properties/>
  <testcase name="주문 취소 테스트" classname="org.zerock.shop.service.OrderServiceTest" time="0.014"/>
  <testcase name="주문 테스트" classname="org.zerock.shop.service.OrderServiceTest" time="0.011"/>
  <system-out><![CDATA[2023-10-20T00:57:32.393+09:00  INFO 1440 --- [    Test worker] t.c.s.AnnotationConfigContextLoaderUtils : Could not detect default configuration classes for test class [org.zerock.shop.service.OrderServiceTest]: OrderServiceTest does not declare any static, non-private, non-final, nested classes annotated with @Configuration.
2023-10-20T00:57:32.394+09:00  INFO 1440 --- [    Test worker] .b.t.c.SpringBootTestContextBootstrapper : Found @SpringBootConfiguration org.zerock.shop.ShopApplication for test class org.zerock.shop.service.OrderServiceTest
Hibernate: 
    insert 
    into
        item
        (created_by,item_detail,item_nm,item_sell_status,modified_by,price,reg_time,stock_number,update_time,item_id) 
    values
        (?,?,?,?,?,?,?,?,?,?)
Hibernate: 
    insert 
    into
        member
        (address,created_by,email,modified_by,name,password,reg_time,role,update_time,member_id) 
    values
        (?,?,?,?,?,?,?,?,?,?)
Hibernate: 
    select
        m1_0.member_id,
        m1_0.address,
        m1_0.created_by,
        m1_0.email,
        m1_0.modified_by,
        m1_0.name,
        m1_0.password,
        m1_0.reg_time,
        m1_0.role,
        m1_0.update_time 
    from
        member m1_0 
    where
        m1_0.email=?
Hibernate: 
    insert 
    into
        item
        (created_by,item_detail,item_nm,item_sell_status,modified_by,price,reg_time,stock_number,update_time,item_id) 
    values
        (?,?,?,?,?,?,?,?,?,?)
Hibernate: 
    insert 
    into
        member
        (address,created_by,email,modified_by,name,password,reg_time,role,update_time,member_id) 
    values
        (?,?,?,?,?,?,?,?,?,?)
Hibernate: 
    select
        m1_0.member_id,
        m1_0.address,
        m1_0.created_by,
        m1_0.email,
        m1_0.modified_by,
        m1_0.name,
        m1_0.password,
        m1_0.reg_time,
        m1_0.role,
        m1_0.update_time 
    from
        member m1_0 
    where
        m1_0.email=?
]]></system-out>
  <system-err><![CDATA[]]></system-err>
</testsuite>
