<?xml version="1.0" encoding="UTF-8"?>
<testsuite name="org.zerock.shop.service.BoardServiceTests" tests="3" skipped="0" failures="0" errors="0" timestamp="2023-10-19T15:57:31" hostname="10-5" time="0.13">
  <properties/>
  <testcase name="testList()" classname="org.zerock.shop.service.BoardServiceTests" time="0.106"/>
  <testcase name="testRegister()" classname="org.zerock.shop.service.BoardServiceTests" time="0.011"/>
  <testcase name="testModify()" classname="org.zerock.shop.service.BoardServiceTests" time="0.01"/>
  <system-out><![CDATA[2023-10-20T00:57:31.898+09:00  INFO 1440 --- [    Test worker] t.c.s.AnnotationConfigContextLoaderUtils : Could not detect default configuration classes for test class [org.zerock.shop.service.BoardServiceTests]: BoardServiceTests does not declare any static, non-private, non-final, nested classes annotated with @Configuration.
2023-10-20T00:57:31.917+09:00  INFO 1440 --- [    Test worker] .b.t.c.SpringBootTestContextBootstrapper : Found @SpringBootConfiguration org.zerock.shop.ShopApplication for test class org.zerock.shop.service.BoardServiceTests
Hibernate: 
    select
        b1_0.bno,
        b1_0.content,
        b1_0.created_by,
        b1_0.modified_by,
        b1_0.reg_time,
        b1_0.title,
        b1_0.update_time,
        b1_0.writer 
    from
        board b1_0 
    where
        (
            b1_0.title like ? escape '!' 
            or b1_0.content like ? escape '!' 
            or b1_0.writer like ? escape '!'
        ) 
        and b1_0.bno>? 
    order by
        b1_0.bno desc limit ?,
        ?
Hibernate: 
    select
        count(b1_0.bno) 
    from
        board b1_0 
    where
        (
            b1_0.title like ? escape '!' 
            or b1_0.content like ? escape '!' 
            or b1_0.writer like ? escape '!'
        ) 
        and b1_0.bno>?
2023-10-20T00:57:32.017+09:00  INFO 1440 --- [    Test worker] o.z.s.s.BoardServiceTests                : PageResponseDto(page=1, size=10, total=559, start=1, end=10, prev=false, next=true, dtoList=[BoardDto(bno=2853, title=title...100, content=content...100, writer=user0, regTime=2023-10-20T00:57:31.271343, updateTime=2023-10-20T00:57:31.271343), BoardDto(bno=2844, title=title...91, content=content...91, writer=user1, regTime=2023-10-20T00:57:31.233446, updateTime=2023-10-20T00:57:31.233446), BoardDto(bno=2834, title=title...81, content=content...81, writer=user1, regTime=2023-10-20T00:57:31.194423, updateTime=2023-10-20T00:57:31.194423), BoardDto(bno=2824, title=title...71, content=content...71, writer=user1, regTime=2023-10-20T00:57:31.153517, updateTime=2023-10-20T00:57:31.153517), BoardDto(bno=2814, title=title...61, content=content...61, writer=user1, regTime=2023-10-20T00:57:31.107296, updateTime=2023-10-20T00:57:31.107296), BoardDto(bno=2804, title=title...51, content=content...51, writer=user1, regTime=2023-10-20T00:57:31.063343, updateTime=2023-10-20T00:57:31.063343), BoardDto(bno=2794, title=title...41, content=content...41, writer=user1, regTime=2023-10-20T00:57:31.023692, updateTime=2023-10-20T00:57:31.023692), BoardDto(bno=2784, title=title...31, content=content...31, writer=user1, regTime=2023-10-20T00:57:30.974447, updateTime=2023-10-20T00:57:30.974447), BoardDto(bno=2774, title=title...21, content=content...21, writer=user1, regTime=2023-10-20T00:57:30.924479, updateTime=2023-10-20T00:57:30.924479), BoardDto(bno=2772, title=title...19, content=content...19, writer=user9, regTime=2023-10-20T00:57:30.915847, updateTime=2023-10-20T00:57:30.915847)])
2023-10-20T00:57:32.031+09:00  INFO 1440 --- [    Test worker] o.z.s.s.BoardServiceTests                : org.zerock.shop.service.BoardServiceImpl$$SpringCGLIB$$0
Hibernate: 
    insert 
    into
        board
        (content,created_by,modified_by,reg_time,title,update_time,writer) 
    values
        (?,?,?,?,?,?,?)
2023-10-20T00:57:32.038+09:00  INFO 1440 --- [    Test worker] o.z.s.s.BoardServiceTests                : bno : 2854
Hibernate: 
    select
        b1_0.bno,
        b1_0.content,
        b1_0.created_by,
        b1_0.modified_by,
        b1_0.reg_time,
        b1_0.title,
        b1_0.update_time,
        b1_0.writer 
    from
        board b1_0 
    where
        b1_0.bno=?
Hibernate: 
    update
        board 
    set
        content=?,
        modified_by=?,
        title=?,
        update_time=?,
        writer=? 
    where
        bno=?
]]></system-out>
  <system-err><![CDATA[]]></system-err>
</testsuite>
