<?xml version="1.0" encoding="UTF-8"?>
<testsuite name="org.zerock.shop.entity.OrderTest" tests="3" skipped="0" failures="0" errors="0" timestamp="2023-10-19T15:57:30" hostname="10-5" time="0.206">
  <properties/>
  <testcase name="영속성 전이 테스트" classname="org.zerock.shop.entity.OrderTest" time="0.138"/>
  <testcase name="지연 로딩 테스트" classname="org.zerock.shop.entity.OrderTest" time="0.033"/>
  <testcase name="고아객체 제거 테스트" classname="org.zerock.shop.entity.OrderTest" time="0.032"/>
  <system-out><![CDATA[2023-10-20T00:57:30.059+09:00  INFO 1440 --- [    Test worker] t.c.s.AnnotationConfigContextLoaderUtils : Could not detect default configuration classes for test class [org.zerock.shop.entity.OrderTest]: OrderTest does not declare any static, non-private, non-final, nested classes annotated with @Configuration.
2023-10-20T00:57:30.061+09:00  INFO 1440 --- [    Test worker] .b.t.c.SpringBootTestContextBootstrapper : Found @SpringBootConfiguration org.zerock.shop.ShopApplication for test class org.zerock.shop.entity.OrderTest
Hibernate: 
    select
        next value for item_seq
Hibernate: 
    select
        next value for item_seq
Hibernate: 
    select
        next value for orders_seq
Hibernate: 
    select
        next value for order_item_seq
Hibernate: 
    select
        next value for order_item_seq
Hibernate: 
    insert 
    into
        item
        (created_by,item_detail,item_nm,item_sell_status,modified_by,price,reg_time,stock_number,update_time,item_id) 
    values
        (?,?,?,?,?,?,?,?,?,?)
Hibernate: 
    insert 
    into
        item
        (created_by,item_detail,item_nm,item_sell_status,modified_by,price,reg_time,stock_number,update_time,item_id) 
    values
        (?,?,?,?,?,?,?,?,?,?)
Hibernate: 
    insert 
    into
        item
        (created_by,item_detail,item_nm,item_sell_status,modified_by,price,reg_time,stock_number,update_time,item_id) 
    values
        (?,?,?,?,?,?,?,?,?,?)
Hibernate: 
    insert 
    into
        orders
        (created_by,member_id,modified_by,order_date,order_status,reg_time,update_time,id) 
    values
        (?,?,?,?,?,?,?,?)
Hibernate: 
    insert 
    into
        order_item
        (count,created_by,item_id,modified_by,order_id,order_price,reg_time,update_time,order_item_id) 
    values
        (?,?,?,?,?,?,?,?,?)
Hibernate: 
    insert 
    into
        order_item
        (count,created_by,item_id,modified_by,order_id,order_price,reg_time,update_time,order_item_id) 
    values
        (?,?,?,?,?,?,?,?,?)
Hibernate: 
    insert 
    into
        order_item
        (count,created_by,item_id,modified_by,order_id,order_price,reg_time,update_time,order_item_id) 
    values
        (?,?,?,?,?,?,?,?,?)
Hibernate: 
    select
        o1_0.id,
        o1_0.created_by,
        o1_0.member_id,
        o1_0.modified_by,
        o1_0.order_date,
        o1_0.order_status,
        o1_0.reg_time,
        o1_0.update_time 
    from
        orders o1_0 
    where
        o1_0.id=?
Hibernate: 
    select
        o1_0.order_id,
        o1_0.order_item_id,
        o1_0.count,
        o1_0.created_by,
        o1_0.item_id,
        o1_0.modified_by,
        o1_0.order_price,
        o1_0.reg_time,
        o1_0.update_time 
    from
        order_item o1_0 
    where
        array_contains(?,o1_0.order_id)
Hibernate: 
    select
        next value for orders_seq
Hibernate: 
    insert 
    into
        item
        (created_by,item_detail,item_nm,item_sell_status,modified_by,price,reg_time,stock_number,update_time,item_id) 
    values
        (?,?,?,?,?,?,?,?,?,?)
Hibernate: 
    insert 
    into
        item
        (created_by,item_detail,item_nm,item_sell_status,modified_by,price,reg_time,stock_number,update_time,item_id) 
    values
        (?,?,?,?,?,?,?,?,?,?)
Hibernate: 
    insert 
    into
        item
        (created_by,item_detail,item_nm,item_sell_status,modified_by,price,reg_time,stock_number,update_time,item_id) 
    values
        (?,?,?,?,?,?,?,?,?,?)
Hibernate: 
    insert 
    into
        member
        (address,created_by,email,modified_by,name,password,reg_time,role,update_time,member_id) 
    values
        (?,?,?,?,?,?,?,?,?,?)
Hibernate: 
    insert 
    into
        orders
        (created_by,member_id,modified_by,order_date,order_status,reg_time,update_time,id) 
    values
        (?,?,?,?,?,?,?,?)
Hibernate: 
    insert 
    into
        order_item
        (count,created_by,item_id,modified_by,order_id,order_price,reg_time,update_time,order_item_id) 
    values
        (?,?,?,?,?,?,?,?,?)
Hibernate: 
    insert 
    into
        order_item
        (count,created_by,item_id,modified_by,order_id,order_price,reg_time,update_time,order_item_id) 
    values
        (?,?,?,?,?,?,?,?,?)
Hibernate: 
    insert 
    into
        order_item
        (count,created_by,item_id,modified_by,order_id,order_price,reg_time,update_time,order_item_id) 
    values
        (?,?,?,?,?,?,?,?,?)
Hibernate: 
    select
        o1_0.order_item_id,
        o1_0.count,
        o1_0.created_by,
        o1_0.item_id,
        o1_0.modified_by,
        o1_0.order_id,
        o1_0.order_price,
        o1_0.reg_time,
        o1_0.update_time 
    from
        order_item o1_0 
    where
        o1_0.order_item_id=?
Order class : class org.zerock.shop.entity.Order$HibernateProxy$MpzSqnSJ
=========================
Hibernate: 
    select
        o1_0.id,
        o1_0.created_by,
        o1_0.member_id,
        o1_0.modified_by,
        o1_0.order_date,
        o1_0.order_status,
        o1_0.reg_time,
        o1_0.update_time 
    from
        orders o1_0 
    where
        o1_0.id=?
=========================
Hibernate: 
    insert 
    into
        item
        (created_by,item_detail,item_nm,item_sell_status,modified_by,price,reg_time,stock_number,update_time,item_id) 
    values
        (?,?,?,?,?,?,?,?,?,?)
Hibernate: 
    insert 
    into
        item
        (created_by,item_detail,item_nm,item_sell_status,modified_by,price,reg_time,stock_number,update_time,item_id) 
    values
        (?,?,?,?,?,?,?,?,?,?)
Hibernate: 
    insert 
    into
        item
        (created_by,item_detail,item_nm,item_sell_status,modified_by,price,reg_time,stock_number,update_time,item_id) 
    values
        (?,?,?,?,?,?,?,?,?,?)
Hibernate: 
    insert 
    into
        member
        (address,created_by,email,modified_by,name,password,reg_time,role,update_time,member_id) 
    values
        (?,?,?,?,?,?,?,?,?,?)
Hibernate: 
    insert 
    into
        orders
        (created_by,member_id,modified_by,order_date,order_status,reg_time,update_time,id) 
    values
        (?,?,?,?,?,?,?,?)
Hibernate: 
    insert 
    into
        order_item
        (count,created_by,item_id,modified_by,order_id,order_price,reg_time,update_time,order_item_id) 
    values
        (?,?,?,?,?,?,?,?,?)
Hibernate: 
    insert 
    into
        order_item
        (count,created_by,item_id,modified_by,order_id,order_price,reg_time,update_time,order_item_id) 
    values
        (?,?,?,?,?,?,?,?,?)
Hibernate: 
    insert 
    into
        order_item
        (count,created_by,item_id,modified_by,order_id,order_price,reg_time,update_time,order_item_id) 
    values
        (?,?,?,?,?,?,?,?,?)
Hibernate: 
    delete 
    from
        order_item 
    where
        order_item_id=?
]]></system-out>
  <system-err><![CDATA[]]></system-err>
</testsuite>
