<?xml version="1.0" encoding="UTF-8"?>
<testsuite name="org.zerock.shop.entity.MemberTest" tests="1" skipped="0" failures="0" errors="0" timestamp="2023-10-19T15:57:30" hostname="10-5" time="0.015">
  <properties/>
  <testcase name="Auditing 테스트" classname="org.zerock.shop.entity.MemberTest" time="0.015"/>
  <system-out><![CDATA[2023-10-20T00:57:30.032+09:00  INFO 1440 --- [    Test worker] t.c.s.AnnotationConfigContextLoaderUtils : Could not detect default configuration classes for test class [org.zerock.shop.entity.MemberTest]: MemberTest does not declare any static, non-private, non-final, nested classes annotated with @Configuration.
2023-10-20T00:57:30.035+09:00  INFO 1440 --- [    Test worker] .b.t.c.SpringBootTestContextBootstrapper : Found @SpringBootConfiguration org.zerock.shop.ShopApplication for test class org.zerock.shop.entity.MemberTest
Hibernate: 
    insert 
    into
        member
        (address,created_by,email,modified_by,name,password,reg_time,role,update_time,member_id) 
    values
        (?,?,?,?,?,?,?,?,?,?)
Hibernate: 
    select
        m1_0.member_id,
        m1_0.address,
        m1_0.created_by,
        m1_0.email,
        m1_0.modified_by,
        m1_0.name,
        m1_0.password,
        m1_0.reg_time,
        m1_0.role,
        m1_0.update_time 
    from
        member m1_0 
    where
        m1_0.member_id=?
register time : 2023-10-20T00:57:30.046312
update time : 2023-10-20T00:57:30.046312
create member : gildong
modify member : gildong
]]></system-out>
  <system-err><![CDATA[]]></system-err>
</testsuite>
