<?xml version="1.0" encoding="UTF-8"?>
<testsuite name="org.zerock.shop.ShopApplicationTests" tests="1" skipped="0" failures="0" errors="0" timestamp="2023-10-19T15:57:20" hostname="10-5" time="0.893">
  <properties/>
  <testcase name="contextLoads()" classname="org.zerock.shop.ShopApplicationTests" time="0.893"/>
  <system-out><![CDATA[  _     _      _     _      _     _      _     _      _     _      _     _      _     _      _     _
  (c).-.(c)    (c).-.(c)    (c).-.(c)    (c).-.(c)    (c).-.(c)    (c).-.(c)    (c).-.(c)    (c).-.(c)
   / ._. \      / ._. \      / ._. \      / ._. \      / ._. \      / ._. \      / ._. \      / ._. \
 __\( Y )/__  __\( Y )/__  __\( Y )/__  __\( Y )/__  __\( Y )/__  __\( Y )/__  __\( Y )/__  __\( Y )/__
(_.-/'-'\-._)(_.-/'-'\-._)(_.-/'-'\-._)(_.-/'-'\-._)(_.-/'-'\-._)(_.-/'-'\-._)(_.-/'-'\-._)(_.-/'-'\-._)
   || C ||      || S ||      || H ||      || C ||      || L ||      || O ||      || U ||      || D ||
 _.' `-' '._  _.' `-' '._  _.' `-' '._  _.' `-' '._  _.' `-' '._  _.' `-' '._  _.' `-' '._  _.' `-' '._
(.-./`-'\.-.)(.-./`-`\.-.)(.-./`-'\.-.)(.-./`-'\.-.)(.-./`-'\.-.)(.-./`-'\.-.)(.-./`-'\.-.)(.-./`-'\.-.)
 `-'     `-'  `-'     `-'  `-'     `-'  `-'     `-'  `-'     `-'  `-'     `-'  `-'     `-'  `-'     `-'
 
Powered by Spring Boot 3.1.3
2023-10-20T00:57:06.435+09:00  INFO 1440 --- [    Test worker] o.z.s.ShopApplicationTests               : Starting ShopApplicationTests using Java 17.0.8 with PID 1440 (started by kkw in D:\workspace\shop)
2023-10-20T00:57:06.447+09:00  INFO 1440 --- [    Test worker] o.z.s.ShopApplicationTests               : No active profile set, falling back to 1 default profile: "default"
2023-10-20T00:57:08.569+09:00  INFO 1440 --- [    Test worker] .s.d.r.c.RepositoryConfigurationDelegate : Bootstrapping Spring Data JPA repositories in DEFAULT mode.
2023-10-20T00:57:08.830+09:00  INFO 1440 --- [    Test worker] .s.d.r.c.RepositoryConfigurationDelegate : Finished Spring Data repository scanning in 250 ms. Found 9 JPA repository interfaces.
2023-10-20T00:57:10.418+09:00  INFO 1440 --- [    Test worker] o.h.j.i.u.LogHelper                      : HHH000204: Processing PersistenceUnitInfo [name: default]
2023-10-20T00:57:10.836+09:00  INFO 1440 --- [    Test worker] o.h.Version                              : HHH000412: Hibernate ORM core version 6.2.7.Final
2023-10-20T00:57:10.839+09:00  INFO 1440 --- [    Test worker] o.h.c.Environment                        : HHH000406: Using bytecode reflection optimizer
2023-10-20T00:57:11.131+09:00  INFO 1440 --- [    Test worker] o.h.b.i.BytecodeProviderInitiator        : HHH000021: Bytecode provider name : bytebuddy
2023-10-20T00:57:11.627+09:00  INFO 1440 --- [    Test worker] o.s.o.j.p.SpringPersistenceUnitInfo      : No LoadTimeWeaver setup: ignoring JPA class transformer
2023-10-20T00:57:11.856+09:00  INFO 1440 --- [    Test worker] c.z.h.HikariDataSource                   : HikariPool-1 - Starting...
2023-10-20T00:57:12.090+09:00  INFO 1440 --- [    Test worker] c.z.h.p.HikariPool                       : HikariPool-1 - Added connection org.mariadb.jdbc.Connection@3f033664
2023-10-20T00:57:12.093+09:00  INFO 1440 --- [    Test worker] c.z.h.HikariDataSource                   : HikariPool-1 - Start completed.
2023-10-20T00:57:12.212+09:00 DEBUG 1440 --- [    Test worker] o.h.t.d.s.s.DdlTypeRegistry              : addDescriptor(12, org.hibernate.type.descriptor.sql.internal.CapacityDependentDdlType@414d2821) replaced previous registration(org.hibernate.type.descriptor.sql.internal.CapacityDependentDdlType@7378c4a4)
2023-10-20T00:57:12.212+09:00 DEBUG 1440 --- [    Test worker] o.h.t.d.s.s.DdlTypeRegistry              : addDescriptor(-9, org.hibernate.type.descriptor.sql.internal.CapacityDependentDdlType@6694fb1b) replaced previous registration(org.hibernate.type.descriptor.sql.internal.CapacityDependentDdlType@61ce238e)
2023-10-20T00:57:12.213+09:00 DEBUG 1440 --- [    Test worker] o.h.t.d.s.s.DdlTypeRegistry              : addDescriptor(-3, org.hibernate.type.descriptor.sql.internal.CapacityDependentDdlType@49ea13b6) replaced previous registration(org.hibernate.type.descriptor.sql.internal.CapacityDependentDdlType@7c02b3cb)
2023-10-20T00:57:12.213+09:00 DEBUG 1440 --- [    Test worker] o.h.t.d.s.s.DdlTypeRegistry              : addDescriptor(4003, org.hibernate.type.descriptor.sql.internal.DdlTypeImpl@3d8fd373) replaced previous registration(org.hibernate.type.descriptor.sql.internal.DdlTypeImpl@2dcd451f)
2023-10-20T00:57:12.213+09:00 DEBUG 1440 --- [    Test worker] o.h.t.d.s.s.DdlTypeRegistry              : addDescriptor(4001, org.hibernate.type.descriptor.sql.internal.DdlTypeImpl@342394b3) replaced previous registration(org.hibernate.type.descriptor.sql.internal.DdlTypeImpl@5dd6f517)
2023-10-20T00:57:12.214+09:00 DEBUG 1440 --- [    Test worker] o.h.t.d.s.s.DdlTypeRegistry              : addDescriptor(4002, org.hibernate.type.descriptor.sql.internal.DdlTypeImpl@1e01b195) replaced previous registration(org.hibernate.type.descriptor.sql.internal.DdlTypeImpl@59a3eaf7)
2023-10-20T00:57:12.214+09:00 DEBUG 1440 --- [    Test worker] o.h.t.d.s.s.DdlTypeRegistry              : addDescriptor(2004, org.hibernate.type.descriptor.sql.internal.CapacityDependentDdlType@718d6b7c) replaced previous registration(org.hibernate.type.descriptor.sql.internal.DdlTypeImpl@1b994617)
2023-10-20T00:57:12.214+09:00 DEBUG 1440 --- [    Test worker] o.h.t.d.s.s.DdlTypeRegistry              : addDescriptor(2005, org.hibernate.type.descriptor.sql.internal.CapacityDependentDdlType@807c1e8) replaced previous registration(org.hibernate.type.descriptor.sql.internal.DdlTypeImpl@4eb5764d)
2023-10-20T00:57:12.214+09:00 DEBUG 1440 --- [    Test worker] o.h.t.d.s.s.DdlTypeRegistry              : addDescriptor(2011, org.hibernate.type.descriptor.sql.internal.CapacityDependentDdlType@54f9326c) replaced previous registration(org.hibernate.type.descriptor.sql.internal.DdlTypeImpl@5016f1a)
2023-10-20T00:57:13.174+09:00  INFO 1440 --- [    Test worker] o.h.b.i.BytecodeProviderInitiator        : HHH000021: Bytecode provider name : bytebuddy
2023-10-20T00:57:14.644+09:00  INFO 1440 --- [    Test worker] o.h.e.t.j.p.i.JtaPlatformInitiator       : HHH000490: Using JtaPlatform implementation: [org.hibernate.engine.transaction.jta.platform.internal.NoJtaPlatform]
Hibernate: 
    alter table if exists board 
       modify column reg_time  datetime(6)
Hibernate: 
    alter table if exists board 
       modify column update_time  datetime(6)
Hibernate: 
    alter table if exists cart 
       modify column reg_time  datetime(6)
Hibernate: 
    alter table if exists cart 
       modify column update_time  datetime(6)
Hibernate: 
    alter table if exists cart_item 
       modify column reg_time  datetime(6)
Hibernate: 
    alter table if exists cart_item 
       modify column update_time  datetime(6)
Hibernate: 
    alter table if exists item 
       modify column reg_time  datetime(6)
Hibernate: 
    alter table if exists item 
       modify column update_time  datetime(6)
Hibernate: 
    alter table if exists item 
       modify column item_sell_status  enum ('SELL','SOLD_OUT')
Hibernate: 
    alter table if exists item_img 
       modify column reg_time  datetime(6)
Hibernate: 
    alter table if exists item_img 
       modify column update_time  datetime(6)
Hibernate: 
    alter table if exists member 
       modify column reg_time  datetime(6)
Hibernate: 
    alter table if exists member 
       modify column update_time  datetime(6)
Hibernate: 
    alter table if exists member 
       modify column role  enum ('ADMIN','USER')
Hibernate: 
    alter table if exists order_item 
       modify column reg_time  datetime(6)
Hibernate: 
    alter table if exists order_item 
       modify column update_time  datetime(6)
Hibernate: 
    alter table if exists orders 
       modify column reg_time  datetime(6)
Hibernate: 
    alter table if exists orders 
       modify column update_time  datetime(6)
Hibernate: 
    alter table if exists orders 
       modify column order_date  datetime(6)
Hibernate: 
    alter table if exists orders 
       modify column order_status  enum ('CANCEL','ORDER')
Hibernate: 
    alter table if exists reply 
       modify column reg_time  datetime(6)
Hibernate: 
    alter table if exists reply 
       modify column update_time  datetime(6)
2023-10-20T00:57:15.474+09:00  INFO 1440 --- [    Test worker] j.LocalContainerEntityManagerFactoryBean : Initialized JPA EntityManagerFactory for persistence unit 'default'
2023-10-20T00:57:16.607+09:00  INFO 1440 --- [    Test worker] o.s.d.j.r.q.QueryEnhancerFactory         : Hibernate is in classpath; If applicable, HQL parser will be used.
2023-10-20T00:57:20.312+09:00  INFO 1440 --- [    Test worker] o.s.s.w.DefaultSecurityFilterChain       : Will secure any request with [org.springframework.security.web.session.DisableEncodeUrlFilter@703b5790, org.springframework.security.web.context.request.async.WebAsyncManagerIntegrationFilter@7618695e, org.springframework.security.web.context.SecurityContextHolderFilter@7e09407a, org.springframework.security.web.header.HeaderWriterFilter@5f580241, org.springframework.security.web.csrf.CsrfFilter@2ef08ad0, org.springframework.security.web.authentication.logout.LogoutFilter@539d6123, org.springframework.security.web.authentication.UsernamePasswordAuthenticationFilter@8caf364, org.springframework.security.web.savedrequest.RequestCacheAwareFilter@11fcf35, org.springframework.security.web.servletapi.SecurityContextHolderAwareRequestFilter@89ee343, org.springframework.security.web.authentication.AnonymousAuthenticationFilter@59b7e853, org.springframework.security.web.access.ExceptionTranslationFilter@1f0eabb8, org.springframework.security.web.access.intercept.AuthorizationFilter@7d0f755c]
2023-10-20T00:57:20.319+09:00  WARN 1440 --- [    Test worker] o.s.s.c.a.w.b.WebSecurity                : You are asking Spring Security to ignore Ant [pattern='/h2-console/**']. This is not recommended -- please use permitAll via HttpSecurity#authorizeHttpRequests instead.
2023-10-20T00:57:20.319+09:00  INFO 1440 --- [    Test worker] o.s.s.w.DefaultSecurityFilterChain       : Will not secure Ant [pattern='/h2-console/**']
2023-10-20T00:57:20.320+09:00  WARN 1440 --- [    Test worker] o.s.s.c.a.w.b.WebSecurity                : You are asking Spring Security to ignore Ant [pattern='/v3/api-docs/**']. This is not recommended -- please use permitAll via HttpSecurity#authorizeHttpRequests instead.
2023-10-20T00:57:20.320+09:00  INFO 1440 --- [    Test worker] o.s.s.w.DefaultSecurityFilterChain       : Will not secure Ant [pattern='/v3/api-docs/**']
2023-10-20T00:57:20.320+09:00  WARN 1440 --- [    Test worker] o.s.s.c.a.w.b.WebSecurity                : You are asking Spring Security to ignore Ant [pattern='/swagger*/**']. This is not recommended -- please use permitAll via HttpSecurity#authorizeHttpRequests instead.
2023-10-20T00:57:20.321+09:00  INFO 1440 --- [    Test worker] o.s.s.w.DefaultSecurityFilterChain       : Will not secure Ant [pattern='/swagger*/**']
2023-10-20T00:57:20.321+09:00  WARN 1440 --- [    Test worker] o.s.s.c.a.w.b.WebSecurity                : You are asking Spring Security to ignore Ant [pattern='/**', OPTIONS]. This is not recommended -- please use permitAll via HttpSecurity#authorizeHttpRequests instead.
2023-10-20T00:57:20.321+09:00  INFO 1440 --- [    Test worker] o.s.s.w.DefaultSecurityFilterChain       : Will not secure Ant [pattern='/**', OPTIONS]
2023-10-20T00:57:20.321+09:00  WARN 1440 --- [    Test worker] o.s.s.c.a.w.b.WebSecurity                : You are asking Spring Security to ignore Ant [pattern='/swagger-ui.html']. This is not recommended -- please use permitAll via HttpSecurity#authorizeHttpRequests instead.
2023-10-20T00:57:20.322+09:00  INFO 1440 --- [    Test worker] o.s.s.w.DefaultSecurityFilterChain       : Will not secure Ant [pattern='/swagger-ui.html']
2023-10-20T00:57:20.322+09:00  WARN 1440 --- [    Test worker] o.s.s.c.a.w.b.WebSecurity                : You are asking Spring Security to ignore Ant [pattern='/webjars/**']. This is not recommended -- please use permitAll via HttpSecurity#authorizeHttpRequests instead.
2023-10-20T00:57:20.322+09:00  INFO 1440 --- [    Test worker] o.s.s.w.DefaultSecurityFilterChain       : Will not secure Ant [pattern='/webjars/**']
2023-10-20T00:57:20.322+09:00  WARN 1440 --- [    Test worker] o.s.s.c.a.w.b.WebSecurity                : You are asking Spring Security to ignore Ant [pattern='/swagger-resources/**']. This is not recommended -- please use permitAll via HttpSecurity#authorizeHttpRequests instead.
2023-10-20T00:57:20.322+09:00  INFO 1440 --- [    Test worker] o.s.s.w.DefaultSecurityFilterChain       : Will not secure Ant [pattern='/swagger-resources/**']
2023-10-20T00:57:20.322+09:00  WARN 1440 --- [    Test worker] o.s.s.c.a.w.b.WebSecurity                : You are asking Spring Security to ignore Ant [pattern='/configuration/**']. This is not recommended -- please use permitAll via HttpSecurity#authorizeHttpRequests instead.
2023-10-20T00:57:20.322+09:00  INFO 1440 --- [    Test worker] o.s.s.w.DefaultSecurityFilterChain       : Will not secure Ant [pattern='/configuration/**']
2023-10-20T00:57:20.323+09:00  WARN 1440 --- [    Test worker] o.s.s.c.a.w.b.WebSecurity                : You are asking Spring Security to ignore Ant [pattern='/replies/**']. This is not recommended -- please use permitAll via HttpSecurity#authorizeHttpRequests instead.
2023-10-20T00:57:20.323+09:00  INFO 1440 --- [    Test worker] o.s.s.w.DefaultSecurityFilterChain       : Will not secure Ant [pattern='/replies/**']
2023-10-20T00:57:20.323+09:00  WARN 1440 --- [    Test worker] o.s.s.c.a.w.b.WebSecurity                : You are asking Spring Security to ignore Ant [pattern='/css/**']. This is not recommended -- please use permitAll via HttpSecurity#authorizeHttpRequests instead.
2023-10-20T00:57:20.323+09:00  INFO 1440 --- [    Test worker] o.s.s.w.DefaultSecurityFilterChain       : Will not secure Ant [pattern='/css/**']
2023-10-20T00:57:20.323+09:00  WARN 1440 --- [    Test worker] o.s.s.c.a.w.b.WebSecurity                : You are asking Spring Security to ignore Ant [pattern='/js/**']. This is not recommended -- please use permitAll via HttpSecurity#authorizeHttpRequests instead.
2023-10-20T00:57:20.323+09:00  INFO 1440 --- [    Test worker] o.s.s.w.DefaultSecurityFilterChain       : Will not secure Ant [pattern='/js/**']
2023-10-20T00:57:20.323+09:00  WARN 1440 --- [    Test worker] o.s.s.c.a.w.b.WebSecurity                : You are asking Spring Security to ignore Ant [pattern='/images/**']. This is not recommended -- please use permitAll via HttpSecurity#authorizeHttpRequests instead.
2023-10-20T00:57:20.324+09:00  INFO 1440 --- [    Test worker] o.s.s.w.DefaultSecurityFilterChain       : Will not secure Ant [pattern='/images/**']
2023-10-20T00:57:20.324+09:00  WARN 1440 --- [    Test worker] o.s.s.c.a.w.b.WebSecurity                : You are asking Spring Security to ignore Ant [pattern='/img/**']. This is not recommended -- please use permitAll via HttpSecurity#authorizeHttpRequests instead.
2023-10-20T00:57:20.324+09:00  INFO 1440 --- [    Test worker] o.s.s.w.DefaultSecurityFilterChain       : Will not secure Ant [pattern='/img/**']
2023-10-20T00:57:20.874+09:00  INFO 1440 --- [    Test worker] o.z.s.ShopApplicationTests               : Started ShopApplicationTests in 15.119 seconds (process running for 17.797)
]]></system-out>
  <system-err><![CDATA[]]></system-err>
</testsuite>
