<?xml version="1.0" encoding="UTF-8"?>
<testsuite name="org.zerock.shop.service.ItemServiceTest" tests="1" skipped="0" failures="0" errors="0" timestamp="2023-10-19T15:57:32" hostname="10-5" time="0.036">
  <properties/>
  <testcase name="상품 등록 테스트" classname="org.zerock.shop.service.ItemServiceTest" time="0.036"/>
  <system-out><![CDATA[2023-10-20T00:57:32.097+09:00  INFO 1440 --- [    Test worker] t.c.s.AnnotationConfigContextLoaderUtils : Could not detect default configuration classes for test class [org.zerock.shop.service.ItemServiceTest]: ItemServiceTest does not declare any static, non-private, non-final, nested classes annotated with @Configuration.
2023-10-20T00:57:32.099+09:00  INFO 1440 --- [    Test worker] .b.t.c.SpringBootTestContextBootstrapper : Found @SpringBootConfiguration org.zerock.shop.ShopApplication for test class org.zerock.shop.service.ItemServiceTest
Hibernate: 
    select
        next value for item_img_seq
Hibernate: 
    select
        next value for item_img_seq
Hibernate: 
    insert 
    into
        item
        (created_by,item_detail,item_nm,item_sell_status,modified_by,price,reg_time,stock_number,update_time,item_id) 
    values
        (?,?,?,?,?,?,?,?,?,?)
Hibernate: 
    insert 
    into
        item_img
        (created_by,img_name,img_url,item_id,modified_by,ori_img_name,reg_time,repimg_yn,update_time,item_img_id) 
    values
        (?,?,?,?,?,?,?,?,?,?)
Hibernate: 
    insert 
    into
        item_img
        (created_by,img_name,img_url,item_id,modified_by,ori_img_name,reg_time,repimg_yn,update_time,item_img_id) 
    values
        (?,?,?,?,?,?,?,?,?,?)
Hibernate: 
    insert 
    into
        item_img
        (created_by,img_name,img_url,item_id,modified_by,ori_img_name,reg_time,repimg_yn,update_time,item_img_id) 
    values
        (?,?,?,?,?,?,?,?,?,?)
Hibernate: 
    insert 
    into
        item_img
        (created_by,img_name,img_url,item_id,modified_by,ori_img_name,reg_time,repimg_yn,update_time,item_img_id) 
    values
        (?,?,?,?,?,?,?,?,?,?)
Hibernate: 
    insert 
    into
        item_img
        (created_by,img_name,img_url,item_id,modified_by,ori_img_name,reg_time,repimg_yn,update_time,item_img_id) 
    values
        (?,?,?,?,?,?,?,?,?,?)
Hibernate: 
    select
        i1_0.item_img_id,
        i1_0.created_by,
        i1_0.img_name,
        i1_0.img_url,
        i1_0.item_id,
        i1_0.modified_by,
        i1_0.ori_img_name,
        i1_0.reg_time,
        i1_0.repimg_yn,
        i1_0.update_time 
    from
        item_img i1_0 
    where
        i1_0.item_id=? 
    order by
        i1_0.item_img_id
]]></system-out>
  <system-err><![CDATA[]]></system-err>
</testsuite>
