<?xml version="1.0" encoding="UTF-8"?>
<testsuite name="org.zerock.shop.repository.ItemRepositoryTest" tests="9" skipped="0" failures="0" errors="0" timestamp="2023-10-19T15:57:31" hostname="10-5" time="0.463">
  <properties/>
  <testcase name="Querydsl 조회 테스트1" classname="org.zerock.shop.repository.ItemRepositoryTest" time="0.086"/>
  <testcase name="@Query를 이용한 상품 조회 테스트" classname="org.zerock.shop.repository.ItemRepositoryTest" time="0.043"/>
  <testcase name="상품명, 상품상세설명 or 테스트" classname="org.zerock.shop.repository.ItemRepositoryTest" time="0.037"/>
  <testcase name="가격 LessThan 테스트" classname="org.zerock.shop.repository.ItemRepositoryTest" time="0.028"/>
  <testcase name="상품명 조회 테스트" classname="org.zerock.shop.repository.ItemRepositoryTest" time="0.01"/>
  <testcase name="nativeQuery 속성을 이용한 상품 조회 테스트" classname="org.zerock.shop.repository.ItemRepositoryTest" time="0.164"/>
  <testcase name="createItemList()" classname="org.zerock.shop.repository.ItemRepositoryTest" time="0.032"/>
  <testcase name="상품 저장 테스트" classname="org.zerock.shop.repository.ItemRepositoryTest" time="0.005"/>
  <testcase name="상품 Querydsl 조회 테스트 2" classname="org.zerock.shop.repository.ItemRepositoryTest" time="0.048"/>
  <system-out><![CDATA[2023-10-20T00:57:31.374+09:00  INFO 1440 --- [    Test worker] t.c.s.AnnotationConfigContextLoaderUtils : Could not detect default configuration classes for test class [org.zerock.shop.repository.ItemRepositoryTest]: ItemRepositoryTest does not declare any static, non-private, non-final, nested classes annotated with @Configuration.
2023-10-20T00:57:31.376+09:00  INFO 1440 --- [    Test worker] .b.t.c.SpringBootTestContextBootstrapper : Found @SpringBootConfiguration org.zerock.shop.ShopApplication for test class org.zerock.shop.repository.ItemRepositoryTest
Hibernate: 
    insert 
    into
        item
        (created_by,item_detail,item_nm,item_sell_status,modified_by,price,reg_time,stock_number,update_time,item_id) 
    values
        (?,?,?,?,?,?,?,?,?,?)
Hibernate: 
    insert 
    into
        item
        (created_by,item_detail,item_nm,item_sell_status,modified_by,price,reg_time,stock_number,update_time,item_id) 
    values
        (?,?,?,?,?,?,?,?,?,?)
Hibernate: 
    insert 
    into
        item
        (created_by,item_detail,item_nm,item_sell_status,modified_by,price,reg_time,stock_number,update_time,item_id) 
    values
        (?,?,?,?,?,?,?,?,?,?)
Hibernate: 
    insert 
    into
        item
        (created_by,item_detail,item_nm,item_sell_status,modified_by,price,reg_time,stock_number,update_time,item_id) 
    values
        (?,?,?,?,?,?,?,?,?,?)
Hibernate: 
    insert 
    into
        item
        (created_by,item_detail,item_nm,item_sell_status,modified_by,price,reg_time,stock_number,update_time,item_id) 
    values
        (?,?,?,?,?,?,?,?,?,?)
Hibernate: 
    insert 
    into
        item
        (created_by,item_detail,item_nm,item_sell_status,modified_by,price,reg_time,stock_number,update_time,item_id) 
    values
        (?,?,?,?,?,?,?,?,?,?)
Hibernate: 
    insert 
    into
        item
        (created_by,item_detail,item_nm,item_sell_status,modified_by,price,reg_time,stock_number,update_time,item_id) 
    values
        (?,?,?,?,?,?,?,?,?,?)
Hibernate: 
    insert 
    into
        item
        (created_by,item_detail,item_nm,item_sell_status,modified_by,price,reg_time,stock_number,update_time,item_id) 
    values
        (?,?,?,?,?,?,?,?,?,?)
Hibernate: 
    insert 
    into
        item
        (created_by,item_detail,item_nm,item_sell_status,modified_by,price,reg_time,stock_number,update_time,item_id) 
    values
        (?,?,?,?,?,?,?,?,?,?)
Hibernate: 
    insert 
    into
        item
        (created_by,item_detail,item_nm,item_sell_status,modified_by,price,reg_time,stock_number,update_time,item_id) 
    values
        (?,?,?,?,?,?,?,?,?,?)
Hibernate: 
    select
        i1_0.item_id,
        i1_0.created_by,
        i1_0.item_detail,
        i1_0.item_nm,
        i1_0.item_sell_status,
        i1_0.modified_by,
        i1_0.price,
        i1_0.reg_time,
        i1_0.stock_number,
        i1_0.update_time 
    from
        item i1_0 
    where
        i1_0.item_sell_status=? 
        and i1_0.item_detail like ? escape '!' 
    order by
        i1_0.price desc
Item(id=19, itemNm=테스트 상품10, price=10010, stockNumber=100, itemDetail=테스트 상품 상세 설명10, itemSellStatus=SELL)
Item(id=18, itemNm=테스트 상품9, price=10009, stockNumber=100, itemDetail=테스트 상품 상세 설명9, itemSellStatus=SELL)
Item(id=17, itemNm=테스트 상품8, price=10008, stockNumber=100, itemDetail=테스트 상품 상세 설명8, itemSellStatus=SELL)
Item(id=16, itemNm=테스트 상품7, price=10007, stockNumber=100, itemDetail=테스트 상품 상세 설명7, itemSellStatus=SELL)
Item(id=15, itemNm=테스트 상품6, price=10006, stockNumber=100, itemDetail=테스트 상품 상세 설명6, itemSellStatus=SELL)
Item(id=14, itemNm=테스트 상품5, price=10005, stockNumber=100, itemDetail=테스트 상품 상세 설명5, itemSellStatus=SELL)
Item(id=13, itemNm=테스트 상품4, price=10004, stockNumber=100, itemDetail=테스트 상품 상세 설명4, itemSellStatus=SELL)
Item(id=12, itemNm=테스트 상품3, price=10003, stockNumber=100, itemDetail=테스트 상품 상세 설명3, itemSellStatus=SELL)
Item(id=11, itemNm=테스트 상품2, price=10002, stockNumber=100, itemDetail=테스트 상품 상세 설명2, itemSellStatus=SELL)
Item(id=10, itemNm=테스트 상품1, price=10001, stockNumber=100, itemDetail=테스트 상품 상세 설명1, itemSellStatus=SELL)
Hibernate: 
    insert 
    into
        item
        (created_by,item_detail,item_nm,item_sell_status,modified_by,price,reg_time,stock_number,update_time,item_id) 
    values
        (?,?,?,?,?,?,?,?,?,?)
Hibernate: 
    insert 
    into
        item
        (created_by,item_detail,item_nm,item_sell_status,modified_by,price,reg_time,stock_number,update_time,item_id) 
    values
        (?,?,?,?,?,?,?,?,?,?)
Hibernate: 
    insert 
    into
        item
        (created_by,item_detail,item_nm,item_sell_status,modified_by,price,reg_time,stock_number,update_time,item_id) 
    values
        (?,?,?,?,?,?,?,?,?,?)
Hibernate: 
    insert 
    into
        item
        (created_by,item_detail,item_nm,item_sell_status,modified_by,price,reg_time,stock_number,update_time,item_id) 
    values
        (?,?,?,?,?,?,?,?,?,?)
Hibernate: 
    insert 
    into
        item
        (created_by,item_detail,item_nm,item_sell_status,modified_by,price,reg_time,stock_number,update_time,item_id) 
    values
        (?,?,?,?,?,?,?,?,?,?)
Hibernate: 
    insert 
    into
        item
        (created_by,item_detail,item_nm,item_sell_status,modified_by,price,reg_time,stock_number,update_time,item_id) 
    values
        (?,?,?,?,?,?,?,?,?,?)
Hibernate: 
    insert 
    into
        item
        (created_by,item_detail,item_nm,item_sell_status,modified_by,price,reg_time,stock_number,update_time,item_id) 
    values
        (?,?,?,?,?,?,?,?,?,?)
Hibernate: 
    insert 
    into
        item
        (created_by,item_detail,item_nm,item_sell_status,modified_by,price,reg_time,stock_number,update_time,item_id) 
    values
        (?,?,?,?,?,?,?,?,?,?)
Hibernate: 
    insert 
    into
        item
        (created_by,item_detail,item_nm,item_sell_status,modified_by,price,reg_time,stock_number,update_time,item_id) 
    values
        (?,?,?,?,?,?,?,?,?,?)
Hibernate: 
    insert 
    into
        item
        (created_by,item_detail,item_nm,item_sell_status,modified_by,price,reg_time,stock_number,update_time,item_id) 
    values
        (?,?,?,?,?,?,?,?,?,?)
Hibernate: 
    select
        i1_0.item_id,
        i1_0.created_by,
        i1_0.item_detail,
        i1_0.item_nm,
        i1_0.item_sell_status,
        i1_0.modified_by,
        i1_0.price,
        i1_0.reg_time,
        i1_0.stock_number,
        i1_0.update_time 
    from
        item i1_0 
    where
        i1_0.item_detail like ? escape '' 
    order by
        i1_0.price desc
Item(id=19, itemNm=테스트 상품10, price=10010, stockNumber=100, itemDetail=테스트 상품 상세 설명10, itemSellStatus=SELL)
Item(id=29, itemNm=테스트 상품10, price=10010, stockNumber=100, itemDetail=테스트 상품 상세 설명10, itemSellStatus=SELL)
Item(id=18, itemNm=테스트 상품9, price=10009, stockNumber=100, itemDetail=테스트 상품 상세 설명9, itemSellStatus=SELL)
Item(id=28, itemNm=테스트 상품9, price=10009, stockNumber=100, itemDetail=테스트 상품 상세 설명9, itemSellStatus=SELL)
Item(id=17, itemNm=테스트 상품8, price=10008, stockNumber=100, itemDetail=테스트 상품 상세 설명8, itemSellStatus=SELL)
Item(id=27, itemNm=테스트 상품8, price=10008, stockNumber=100, itemDetail=테스트 상품 상세 설명8, itemSellStatus=SELL)
Item(id=16, itemNm=테스트 상품7, price=10007, stockNumber=100, itemDetail=테스트 상품 상세 설명7, itemSellStatus=SELL)
Item(id=26, itemNm=테스트 상품7, price=10007, stockNumber=100, itemDetail=테스트 상품 상세 설명7, itemSellStatus=SELL)
Item(id=15, itemNm=테스트 상품6, price=10006, stockNumber=100, itemDetail=테스트 상품 상세 설명6, itemSellStatus=SELL)
Item(id=25, itemNm=테스트 상품6, price=10006, stockNumber=100, itemDetail=테스트 상품 상세 설명6, itemSellStatus=SELL)
Item(id=14, itemNm=테스트 상품5, price=10005, stockNumber=100, itemDetail=테스트 상품 상세 설명5, itemSellStatus=SELL)
Item(id=24, itemNm=테스트 상품5, price=10005, stockNumber=100, itemDetail=테스트 상품 상세 설명5, itemSellStatus=SELL)
Item(id=13, itemNm=테스트 상품4, price=10004, stockNumber=100, itemDetail=테스트 상품 상세 설명4, itemSellStatus=SELL)
Item(id=23, itemNm=테스트 상품4, price=10004, stockNumber=100, itemDetail=테스트 상품 상세 설명4, itemSellStatus=SELL)
Item(id=12, itemNm=테스트 상품3, price=10003, stockNumber=100, itemDetail=테스트 상품 상세 설명3, itemSellStatus=SELL)
Item(id=22, itemNm=테스트 상품3, price=10003, stockNumber=100, itemDetail=테스트 상품 상세 설명3, itemSellStatus=SELL)
Item(id=11, itemNm=테스트 상품2, price=10002, stockNumber=100, itemDetail=테스트 상품 상세 설명2, itemSellStatus=SELL)
Item(id=21, itemNm=테스트 상품2, price=10002, stockNumber=100, itemDetail=테스트 상품 상세 설명2, itemSellStatus=SELL)
Item(id=10, itemNm=테스트 상품1, price=10001, stockNumber=100, itemDetail=테스트 상품 상세 설명1, itemSellStatus=SELL)
Item(id=20, itemNm=테스트 상품1, price=10001, stockNumber=100, itemDetail=테스트 상품 상세 설명1, itemSellStatus=SELL)
Hibernate: 
    insert 
    into
        item
        (created_by,item_detail,item_nm,item_sell_status,modified_by,price,reg_time,stock_number,update_time,item_id) 
    values
        (?,?,?,?,?,?,?,?,?,?)
Hibernate: 
    insert 
    into
        item
        (created_by,item_detail,item_nm,item_sell_status,modified_by,price,reg_time,stock_number,update_time,item_id) 
    values
        (?,?,?,?,?,?,?,?,?,?)
Hibernate: 
    insert 
    into
        item
        (created_by,item_detail,item_nm,item_sell_status,modified_by,price,reg_time,stock_number,update_time,item_id) 
    values
        (?,?,?,?,?,?,?,?,?,?)
Hibernate: 
    insert 
    into
        item
        (created_by,item_detail,item_nm,item_sell_status,modified_by,price,reg_time,stock_number,update_time,item_id) 
    values
        (?,?,?,?,?,?,?,?,?,?)
Hibernate: 
    insert 
    into
        item
        (created_by,item_detail,item_nm,item_sell_status,modified_by,price,reg_time,stock_number,update_time,item_id) 
    values
        (?,?,?,?,?,?,?,?,?,?)
Hibernate: 
    insert 
    into
        item
        (created_by,item_detail,item_nm,item_sell_status,modified_by,price,reg_time,stock_number,update_time,item_id) 
    values
        (?,?,?,?,?,?,?,?,?,?)
Hibernate: 
    insert 
    into
        item
        (created_by,item_detail,item_nm,item_sell_status,modified_by,price,reg_time,stock_number,update_time,item_id) 
    values
        (?,?,?,?,?,?,?,?,?,?)
Hibernate: 
    insert 
    into
        item
        (created_by,item_detail,item_nm,item_sell_status,modified_by,price,reg_time,stock_number,update_time,item_id) 
    values
        (?,?,?,?,?,?,?,?,?,?)
Hibernate: 
    insert 
    into
        item
        (created_by,item_detail,item_nm,item_sell_status,modified_by,price,reg_time,stock_number,update_time,item_id) 
    values
        (?,?,?,?,?,?,?,?,?,?)
Hibernate: 
    insert 
    into
        item
        (created_by,item_detail,item_nm,item_sell_status,modified_by,price,reg_time,stock_number,update_time,item_id) 
    values
        (?,?,?,?,?,?,?,?,?,?)
Hibernate: 
    select
        i1_0.item_id,
        i1_0.created_by,
        i1_0.item_detail,
        i1_0.item_nm,
        i1_0.item_sell_status,
        i1_0.modified_by,
        i1_0.price,
        i1_0.reg_time,
        i1_0.stock_number,
        i1_0.update_time 
    from
        item i1_0 
    where
        i1_0.item_nm=? 
        or i1_0.item_detail=?
Item(id=10, itemNm=테스트 상품1, price=10001, stockNumber=100, itemDetail=테스트 상품 상세 설명1, itemSellStatus=SELL)
Item(id=14, itemNm=테스트 상품5, price=10005, stockNumber=100, itemDetail=테스트 상품 상세 설명5, itemSellStatus=SELL)
Item(id=20, itemNm=테스트 상품1, price=10001, stockNumber=100, itemDetail=테스트 상품 상세 설명1, itemSellStatus=SELL)
Item(id=24, itemNm=테스트 상품5, price=10005, stockNumber=100, itemDetail=테스트 상품 상세 설명5, itemSellStatus=SELL)
Item(id=30, itemNm=테스트 상품1, price=10001, stockNumber=100, itemDetail=테스트 상품 상세 설명1, itemSellStatus=SELL)
Item(id=34, itemNm=테스트 상품5, price=10005, stockNumber=100, itemDetail=테스트 상품 상세 설명5, itemSellStatus=SELL)
Hibernate: 
    insert 
    into
        item
        (created_by,item_detail,item_nm,item_sell_status,modified_by,price,reg_time,stock_number,update_time,item_id) 
    values
        (?,?,?,?,?,?,?,?,?,?)
Hibernate: 
    insert 
    into
        item
        (created_by,item_detail,item_nm,item_sell_status,modified_by,price,reg_time,stock_number,update_time,item_id) 
    values
        (?,?,?,?,?,?,?,?,?,?)
Hibernate: 
    insert 
    into
        item
        (created_by,item_detail,item_nm,item_sell_status,modified_by,price,reg_time,stock_number,update_time,item_id) 
    values
        (?,?,?,?,?,?,?,?,?,?)
Hibernate: 
    insert 
    into
        item
        (created_by,item_detail,item_nm,item_sell_status,modified_by,price,reg_time,stock_number,update_time,item_id) 
    values
        (?,?,?,?,?,?,?,?,?,?)
Hibernate: 
    insert 
    into
        item
        (created_by,item_detail,item_nm,item_sell_status,modified_by,price,reg_time,stock_number,update_time,item_id) 
    values
        (?,?,?,?,?,?,?,?,?,?)
Hibernate: 
    insert 
    into
        item
        (created_by,item_detail,item_nm,item_sell_status,modified_by,price,reg_time,stock_number,update_time,item_id) 
    values
        (?,?,?,?,?,?,?,?,?,?)
Hibernate: 
    insert 
    into
        item
        (created_by,item_detail,item_nm,item_sell_status,modified_by,price,reg_time,stock_number,update_time,item_id) 
    values
        (?,?,?,?,?,?,?,?,?,?)
Hibernate: 
    insert 
    into
        item
        (created_by,item_detail,item_nm,item_sell_status,modified_by,price,reg_time,stock_number,update_time,item_id) 
    values
        (?,?,?,?,?,?,?,?,?,?)
Hibernate: 
    insert 
    into
        item
        (created_by,item_detail,item_nm,item_sell_status,modified_by,price,reg_time,stock_number,update_time,item_id) 
    values
        (?,?,?,?,?,?,?,?,?,?)
Hibernate: 
    insert 
    into
        item
        (created_by,item_detail,item_nm,item_sell_status,modified_by,price,reg_time,stock_number,update_time,item_id) 
    values
        (?,?,?,?,?,?,?,?,?,?)
Hibernate: 
    select
        i1_0.item_id,
        i1_0.created_by,
        i1_0.item_detail,
        i1_0.item_nm,
        i1_0.item_sell_status,
        i1_0.modified_by,
        i1_0.price,
        i1_0.reg_time,
        i1_0.stock_number,
        i1_0.update_time 
    from
        item i1_0 
    where
        i1_0.price<?
Item(id=10, itemNm=테스트 상품1, price=10001, stockNumber=100, itemDetail=테스트 상품 상세 설명1, itemSellStatus=SELL)
Item(id=11, itemNm=테스트 상품2, price=10002, stockNumber=100, itemDetail=테스트 상품 상세 설명2, itemSellStatus=SELL)
Item(id=12, itemNm=테스트 상품3, price=10003, stockNumber=100, itemDetail=테스트 상품 상세 설명3, itemSellStatus=SELL)
Item(id=13, itemNm=테스트 상품4, price=10004, stockNumber=100, itemDetail=테스트 상품 상세 설명4, itemSellStatus=SELL)
Item(id=20, itemNm=테스트 상품1, price=10001, stockNumber=100, itemDetail=테스트 상품 상세 설명1, itemSellStatus=SELL)
Item(id=21, itemNm=테스트 상품2, price=10002, stockNumber=100, itemDetail=테스트 상품 상세 설명2, itemSellStatus=SELL)
Item(id=22, itemNm=테스트 상품3, price=10003, stockNumber=100, itemDetail=테스트 상품 상세 설명3, itemSellStatus=SELL)
Item(id=23, itemNm=테스트 상품4, price=10004, stockNumber=100, itemDetail=테스트 상품 상세 설명4, itemSellStatus=SELL)
Item(id=30, itemNm=테스트 상품1, price=10001, stockNumber=100, itemDetail=테스트 상품 상세 설명1, itemSellStatus=SELL)
Item(id=31, itemNm=테스트 상품2, price=10002, stockNumber=100, itemDetail=테스트 상품 상세 설명2, itemSellStatus=SELL)
Item(id=32, itemNm=테스트 상품3, price=10003, stockNumber=100, itemDetail=테스트 상품 상세 설명3, itemSellStatus=SELL)
Item(id=33, itemNm=테스트 상품4, price=10004, stockNumber=100, itemDetail=테스트 상품 상세 설명4, itemSellStatus=SELL)
Item(id=40, itemNm=테스트 상품1, price=10001, stockNumber=100, itemDetail=테스트 상품 상세 설명1, itemSellStatus=SELL)
Item(id=41, itemNm=테스트 상품2, price=10002, stockNumber=100, itemDetail=테스트 상품 상세 설명2, itemSellStatus=SELL)
Item(id=42, itemNm=테스트 상품3, price=10003, stockNumber=100, itemDetail=테스트 상품 상세 설명3, itemSellStatus=SELL)
Item(id=43, itemNm=테스트 상품4, price=10004, stockNumber=100, itemDetail=테스트 상품 상세 설명4, itemSellStatus=SELL)
Hibernate: 
    insert 
    into
        item
        (created_by,item_detail,item_nm,item_sell_status,modified_by,price,reg_time,stock_number,update_time,item_id) 
    values
        (?,?,?,?,?,?,?,?,?,?)
Item(id=50, itemNm=테스트 상품, price=10000, stockNumber=100, itemDetail=테스트 상품 상세 설명, itemSellStatus=SELL)
Hibernate: 
    select
        i1_0.item_id,
        i1_0.created_by,
        i1_0.item_detail,
        i1_0.item_nm,
        i1_0.item_sell_status,
        i1_0.modified_by,
        i1_0.price,
        i1_0.reg_time,
        i1_0.stock_number,
        i1_0.update_time 
    from
        item i1_0 
    where
        i1_0.item_nm=?
Item(id=10, itemNm=테스트 상품1, price=10001, stockNumber=100, itemDetail=테스트 상품 상세 설명1, itemSellStatus=SELL)
Item(id=20, itemNm=테스트 상품1, price=10001, stockNumber=100, itemDetail=테스트 상품 상세 설명1, itemSellStatus=SELL)
Item(id=30, itemNm=테스트 상품1, price=10001, stockNumber=100, itemDetail=테스트 상품 상세 설명1, itemSellStatus=SELL)
Item(id=40, itemNm=테스트 상품1, price=10001, stockNumber=100, itemDetail=테스트 상품 상세 설명1, itemSellStatus=SELL)
Hibernate: 
    insert 
    into
        item
        (created_by,item_detail,item_nm,item_sell_status,modified_by,price,reg_time,stock_number,update_time,item_id) 
    values
        (?,?,?,?,?,?,?,?,?,?)
Hibernate: 
    select
        next value for item_seq
Hibernate: 
    insert 
    into
        item
        (created_by,item_detail,item_nm,item_sell_status,modified_by,price,reg_time,stock_number,update_time,item_id) 
    values
        (?,?,?,?,?,?,?,?,?,?)
Hibernate: 
    insert 
    into
        item
        (created_by,item_detail,item_nm,item_sell_status,modified_by,price,reg_time,stock_number,update_time,item_id) 
    values
        (?,?,?,?,?,?,?,?,?,?)
Hibernate: 
    insert 
    into
        item
        (created_by,item_detail,item_nm,item_sell_status,modified_by,price,reg_time,stock_number,update_time,item_id) 
    values
        (?,?,?,?,?,?,?,?,?,?)
Hibernate: 
    insert 
    into
        item
        (created_by,item_detail,item_nm,item_sell_status,modified_by,price,reg_time,stock_number,update_time,item_id) 
    values
        (?,?,?,?,?,?,?,?,?,?)
Hibernate: 
    insert 
    into
        item
        (created_by,item_detail,item_nm,item_sell_status,modified_by,price,reg_time,stock_number,update_time,item_id) 
    values
        (?,?,?,?,?,?,?,?,?,?)
Hibernate: 
    insert 
    into
        item
        (created_by,item_detail,item_nm,item_sell_status,modified_by,price,reg_time,stock_number,update_time,item_id) 
    values
        (?,?,?,?,?,?,?,?,?,?)
Hibernate: 
    insert 
    into
        item
        (created_by,item_detail,item_nm,item_sell_status,modified_by,price,reg_time,stock_number,update_time,item_id) 
    values
        (?,?,?,?,?,?,?,?,?,?)
Hibernate: 
    insert 
    into
        item
        (created_by,item_detail,item_nm,item_sell_status,modified_by,price,reg_time,stock_number,update_time,item_id) 
    values
        (?,?,?,?,?,?,?,?,?,?)
Hibernate: 
    insert 
    into
        item
        (created_by,item_detail,item_nm,item_sell_status,modified_by,price,reg_time,stock_number,update_time,item_id) 
    values
        (?,?,?,?,?,?,?,?,?,?)
Hibernate: 
    select
        * 
    from
        item i 
    where
        i.item_detail like ? 
    order by
        i.price desc
Item(id=19, itemNm=테스트 상품10, price=10010, stockNumber=100, itemDetail=테스트 상품 상세 설명10, itemSellStatus=SELL)
Item(id=29, itemNm=테스트 상품10, price=10010, stockNumber=100, itemDetail=테스트 상품 상세 설명10, itemSellStatus=SELL)
Item(id=39, itemNm=테스트 상품10, price=10010, stockNumber=100, itemDetail=테스트 상품 상세 설명10, itemSellStatus=SELL)
Item(id=49, itemNm=테스트 상품10, price=10010, stockNumber=100, itemDetail=테스트 상품 상세 설명10, itemSellStatus=SELL)
Item(id=60, itemNm=테스트 상품10, price=10010, stockNumber=100, itemDetail=테스트 상품 상세 설명10, itemSellStatus=SELL)
Item(id=18, itemNm=테스트 상품9, price=10009, stockNumber=100, itemDetail=테스트 상품 상세 설명9, itemSellStatus=SELL)
Item(id=28, itemNm=테스트 상품9, price=10009, stockNumber=100, itemDetail=테스트 상품 상세 설명9, itemSellStatus=SELL)
Item(id=38, itemNm=테스트 상품9, price=10009, stockNumber=100, itemDetail=테스트 상품 상세 설명9, itemSellStatus=SELL)
Item(id=48, itemNm=테스트 상품9, price=10009, stockNumber=100, itemDetail=테스트 상품 상세 설명9, itemSellStatus=SELL)
Item(id=59, itemNm=테스트 상품9, price=10009, stockNumber=100, itemDetail=테스트 상품 상세 설명9, itemSellStatus=SELL)
Item(id=17, itemNm=테스트 상품8, price=10008, stockNumber=100, itemDetail=테스트 상품 상세 설명8, itemSellStatus=SELL)
Item(id=27, itemNm=테스트 상품8, price=10008, stockNumber=100, itemDetail=테스트 상품 상세 설명8, itemSellStatus=SELL)
Item(id=37, itemNm=테스트 상품8, price=10008, stockNumber=100, itemDetail=테스트 상품 상세 설명8, itemSellStatus=SELL)
Item(id=47, itemNm=테스트 상품8, price=10008, stockNumber=100, itemDetail=테스트 상품 상세 설명8, itemSellStatus=SELL)
Item(id=58, itemNm=테스트 상품8, price=10008, stockNumber=100, itemDetail=테스트 상품 상세 설명8, itemSellStatus=SELL)
Item(id=16, itemNm=테스트 상품7, price=10007, stockNumber=100, itemDetail=테스트 상품 상세 설명7, itemSellStatus=SELL)
Item(id=26, itemNm=테스트 상품7, price=10007, stockNumber=100, itemDetail=테스트 상품 상세 설명7, itemSellStatus=SELL)
Item(id=36, itemNm=테스트 상품7, price=10007, stockNumber=100, itemDetail=테스트 상품 상세 설명7, itemSellStatus=SELL)
Item(id=46, itemNm=테스트 상품7, price=10007, stockNumber=100, itemDetail=테스트 상품 상세 설명7, itemSellStatus=SELL)
Item(id=57, itemNm=테스트 상품7, price=10007, stockNumber=100, itemDetail=테스트 상품 상세 설명7, itemSellStatus=SELL)
Item(id=15, itemNm=테스트 상품6, price=10006, stockNumber=100, itemDetail=테스트 상품 상세 설명6, itemSellStatus=SELL)
Item(id=25, itemNm=테스트 상품6, price=10006, stockNumber=100, itemDetail=테스트 상품 상세 설명6, itemSellStatus=SELL)
Item(id=35, itemNm=테스트 상품6, price=10006, stockNumber=100, itemDetail=테스트 상품 상세 설명6, itemSellStatus=SELL)
Item(id=45, itemNm=테스트 상품6, price=10006, stockNumber=100, itemDetail=테스트 상품 상세 설명6, itemSellStatus=SELL)
Item(id=56, itemNm=테스트 상품6, price=10006, stockNumber=100, itemDetail=테스트 상품 상세 설명6, itemSellStatus=SELL)
Item(id=14, itemNm=테스트 상품5, price=10005, stockNumber=100, itemDetail=테스트 상품 상세 설명5, itemSellStatus=SELL)
Item(id=24, itemNm=테스트 상품5, price=10005, stockNumber=100, itemDetail=테스트 상품 상세 설명5, itemSellStatus=SELL)
Item(id=34, itemNm=테스트 상품5, price=10005, stockNumber=100, itemDetail=테스트 상품 상세 설명5, itemSellStatus=SELL)
Item(id=44, itemNm=테스트 상품5, price=10005, stockNumber=100, itemDetail=테스트 상품 상세 설명5, itemSellStatus=SELL)
Item(id=55, itemNm=테스트 상품5, price=10005, stockNumber=100, itemDetail=테스트 상품 상세 설명5, itemSellStatus=SELL)
Item(id=13, itemNm=테스트 상품4, price=10004, stockNumber=100, itemDetail=테스트 상품 상세 설명4, itemSellStatus=SELL)
Item(id=23, itemNm=테스트 상품4, price=10004, stockNumber=100, itemDetail=테스트 상품 상세 설명4, itemSellStatus=SELL)
Item(id=33, itemNm=테스트 상품4, price=10004, stockNumber=100, itemDetail=테스트 상품 상세 설명4, itemSellStatus=SELL)
Item(id=43, itemNm=테스트 상품4, price=10004, stockNumber=100, itemDetail=테스트 상품 상세 설명4, itemSellStatus=SELL)
Item(id=54, itemNm=테스트 상품4, price=10004, stockNumber=100, itemDetail=테스트 상품 상세 설명4, itemSellStatus=SELL)
Item(id=12, itemNm=테스트 상품3, price=10003, stockNumber=100, itemDetail=테스트 상품 상세 설명3, itemSellStatus=SELL)
Item(id=22, itemNm=테스트 상품3, price=10003, stockNumber=100, itemDetail=테스트 상품 상세 설명3, itemSellStatus=SELL)
Item(id=32, itemNm=테스트 상품3, price=10003, stockNumber=100, itemDetail=테스트 상품 상세 설명3, itemSellStatus=SELL)
Item(id=42, itemNm=테스트 상품3, price=10003, stockNumber=100, itemDetail=테스트 상품 상세 설명3, itemSellStatus=SELL)
Item(id=53, itemNm=테스트 상품3, price=10003, stockNumber=100, itemDetail=테스트 상품 상세 설명3, itemSellStatus=SELL)
Item(id=11, itemNm=테스트 상품2, price=10002, stockNumber=100, itemDetail=테스트 상품 상세 설명2, itemSellStatus=SELL)
Item(id=21, itemNm=테스트 상품2, price=10002, stockNumber=100, itemDetail=테스트 상품 상세 설명2, itemSellStatus=SELL)
Item(id=31, itemNm=테스트 상품2, price=10002, stockNumber=100, itemDetail=테스트 상품 상세 설명2, itemSellStatus=SELL)
Item(id=41, itemNm=테스트 상품2, price=10002, stockNumber=100, itemDetail=테스트 상품 상세 설명2, itemSellStatus=SELL)
Item(id=52, itemNm=테스트 상품2, price=10002, stockNumber=100, itemDetail=테스트 상품 상세 설명2, itemSellStatus=SELL)
Item(id=10, itemNm=테스트 상품1, price=10001, stockNumber=100, itemDetail=테스트 상품 상세 설명1, itemSellStatus=SELL)
Item(id=20, itemNm=테스트 상품1, price=10001, stockNumber=100, itemDetail=테스트 상품 상세 설명1, itemSellStatus=SELL)
Item(id=30, itemNm=테스트 상품1, price=10001, stockNumber=100, itemDetail=테스트 상품 상세 설명1, itemSellStatus=SELL)
Item(id=40, itemNm=테스트 상품1, price=10001, stockNumber=100, itemDetail=테스트 상품 상세 설명1, itemSellStatus=SELL)
Item(id=51, itemNm=테스트 상품1, price=10001, stockNumber=100, itemDetail=테스트 상품 상세 설명1, itemSellStatus=SELL)
Item(id=50, itemNm=테스트 상품, price=10000, stockNumber=100, itemDetail=테스트 상품 상세 설명, itemSellStatus=SELL)
Hibernate: 
    insert 
    into
        item
        (created_by,item_detail,item_nm,item_sell_status,modified_by,price,reg_time,stock_number,update_time,item_id) 
    values
        (?,?,?,?,?,?,?,?,?,?)
Hibernate: 
    insert 
    into
        item
        (created_by,item_detail,item_nm,item_sell_status,modified_by,price,reg_time,stock_number,update_time,item_id) 
    values
        (?,?,?,?,?,?,?,?,?,?)
Hibernate: 
    insert 
    into
        item
        (created_by,item_detail,item_nm,item_sell_status,modified_by,price,reg_time,stock_number,update_time,item_id) 
    values
        (?,?,?,?,?,?,?,?,?,?)
Hibernate: 
    insert 
    into
        item
        (created_by,item_detail,item_nm,item_sell_status,modified_by,price,reg_time,stock_number,update_time,item_id) 
    values
        (?,?,?,?,?,?,?,?,?,?)
Hibernate: 
    insert 
    into
        item
        (created_by,item_detail,item_nm,item_sell_status,modified_by,price,reg_time,stock_number,update_time,item_id) 
    values
        (?,?,?,?,?,?,?,?,?,?)
Hibernate: 
    insert 
    into
        item
        (created_by,item_detail,item_nm,item_sell_status,modified_by,price,reg_time,stock_number,update_time,item_id) 
    values
        (?,?,?,?,?,?,?,?,?,?)
Hibernate: 
    insert 
    into
        item
        (created_by,item_detail,item_nm,item_sell_status,modified_by,price,reg_time,stock_number,update_time,item_id) 
    values
        (?,?,?,?,?,?,?,?,?,?)
Hibernate: 
    insert 
    into
        item
        (created_by,item_detail,item_nm,item_sell_status,modified_by,price,reg_time,stock_number,update_time,item_id) 
    values
        (?,?,?,?,?,?,?,?,?,?)
Hibernate: 
    insert 
    into
        item
        (created_by,item_detail,item_nm,item_sell_status,modified_by,price,reg_time,stock_number,update_time,item_id) 
    values
        (?,?,?,?,?,?,?,?,?,?)
Hibernate: 
    insert 
    into
        item
        (created_by,item_detail,item_nm,item_sell_status,modified_by,price,reg_time,stock_number,update_time,item_id) 
    values
        (?,?,?,?,?,?,?,?,?,?)
Hibernate: 
    insert 
    into
        item
        (created_by,item_detail,item_nm,item_sell_status,modified_by,price,reg_time,stock_number,update_time,item_id) 
    values
        (?,?,?,?,?,?,?,?,?,?)
Item(id=71, itemNm=테스트 상품, price=10000, stockNumber=100, itemDetail=테스트 상품 상세 설명, itemSellStatus=SELL)
Hibernate: 
    insert 
    into
        item
        (created_by,item_detail,item_nm,item_sell_status,modified_by,price,reg_time,stock_number,update_time,item_id) 
    values
        (?,?,?,?,?,?,?,?,?,?)
Hibernate: 
    insert 
    into
        item
        (created_by,item_detail,item_nm,item_sell_status,modified_by,price,reg_time,stock_number,update_time,item_id) 
    values
        (?,?,?,?,?,?,?,?,?,?)
Hibernate: 
    insert 
    into
        item
        (created_by,item_detail,item_nm,item_sell_status,modified_by,price,reg_time,stock_number,update_time,item_id) 
    values
        (?,?,?,?,?,?,?,?,?,?)
Hibernate: 
    insert 
    into
        item
        (created_by,item_detail,item_nm,item_sell_status,modified_by,price,reg_time,stock_number,update_time,item_id) 
    values
        (?,?,?,?,?,?,?,?,?,?)
Hibernate: 
    insert 
    into
        item
        (created_by,item_detail,item_nm,item_sell_status,modified_by,price,reg_time,stock_number,update_time,item_id) 
    values
        (?,?,?,?,?,?,?,?,?,?)
Hibernate: 
    insert 
    into
        item
        (created_by,item_detail,item_nm,item_sell_status,modified_by,price,reg_time,stock_number,update_time,item_id) 
    values
        (?,?,?,?,?,?,?,?,?,?)
Hibernate: 
    insert 
    into
        item
        (created_by,item_detail,item_nm,item_sell_status,modified_by,price,reg_time,stock_number,update_time,item_id) 
    values
        (?,?,?,?,?,?,?,?,?,?)
Hibernate: 
    insert 
    into
        item
        (created_by,item_detail,item_nm,item_sell_status,modified_by,price,reg_time,stock_number,update_time,item_id) 
    values
        (?,?,?,?,?,?,?,?,?,?)
Hibernate: 
    insert 
    into
        item
        (created_by,item_detail,item_nm,item_sell_status,modified_by,price,reg_time,stock_number,update_time,item_id) 
    values
        (?,?,?,?,?,?,?,?,?,?)
Hibernate: 
    insert 
    into
        item
        (created_by,item_detail,item_nm,item_sell_status,modified_by,price,reg_time,stock_number,update_time,item_id) 
    values
        (?,?,?,?,?,?,?,?,?,?)
Hibernate: 
    select
        i1_0.item_id,
        i1_0.created_by,
        i1_0.item_detail,
        i1_0.item_nm,
        i1_0.item_sell_status,
        i1_0.modified_by,
        i1_0.price,
        i1_0.reg_time,
        i1_0.stock_number,
        i1_0.update_time 
    from
        item i1_0 
    where
        i1_0.item_detail like ? escape '!' 
        and i1_0.price>? 
        and i1_0.item_sell_status=? offset ? rows fetch first ? rows only
Hibernate: 
    select
        count(i1_0.item_id) 
    from
        item i1_0 
    where
        i1_0.item_detail like ? escape '!' 
        and i1_0.price>? 
        and i1_0.item_sell_status=?
total elements : 44
Item(id=13, itemNm=테스트 상품4, price=10004, stockNumber=100, itemDetail=테스트 상품 상세 설명4, itemSellStatus=SELL)
Item(id=14, itemNm=테스트 상품5, price=10005, stockNumber=100, itemDetail=테스트 상품 상세 설명5, itemSellStatus=SELL)
Item(id=15, itemNm=테스트 상품6, price=10006, stockNumber=100, itemDetail=테스트 상품 상세 설명6, itemSellStatus=SELL)
Item(id=16, itemNm=테스트 상품7, price=10007, stockNumber=100, itemDetail=테스트 상품 상세 설명7, itemSellStatus=SELL)
Item(id=17, itemNm=테스트 상품8, price=10008, stockNumber=100, itemDetail=테스트 상품 상세 설명8, itemSellStatus=SELL)
]]></system-out>
  <system-err><![CDATA[]]></system-err>
</testsuite>
